SF:lib/src/animation/animation.dart
DA:12,491
DA:51,216
DA:85,99
DA:88,51
DA:154,181
DA:156,181
DA:157,181
DA:160,17
DA:162,51
DA:179,17
DA:180,17
DA:182,17
DA:183,17
DA:186,7
DA:189,7
DA:192,5
DA:196,0
DA:197,17
end_of_record
SF:lib/src/animation/listener_helpers.dart
DA:19,0
DA:31,179
DA:32,358
DA:33,358
DA:34,179
DA:35,358
DA:44,146
DA:45,292
DA:46,292
DA:47,292
DA:48,12
DA:60,81
DA:72,0
DA:75,264
DA:78,145
DA:82,224
DA:95,0
DA:114,403
DA:115,403
DA:116,806
DA:122,280
DA:123,560
DA:124,280
DA:131,266
DA:132,532
DA:133,266
DA:135,472
DA:136,236
DA:138,2
DA:142,2
DA:143,0
DA:144,0
DA:145,0
DA:163,0
DA:182,406
DA:183,406
DA:184,812
DA:190,60
DA:191,120
DA:192,60
DA:199,245
DA:200,490
DA:201,245
DA:203,356
DA:204,178
DA:206,2
DA:210,2
DA:211,0
DA:212,0
DA:213,0
end_of_record
SF:lib/src/animation/animation_controller.dart
DA:24,491
DA:54,491
DA:227,213
DA:235,0
DA:236,0
DA:237,213
DA:238,0
DA:240,639
DA:241,424
DA:260,52
DA:266,0
DA:267,0
DA:271,156
DA:272,52
DA:296,109
DA:304,1
DA:305,1
DA:306,3
DA:307,2
DA:320,212
DA:321,212
DA:343,158
DA:344,0
DA:345,158
DA:346,158
DA:347,158
DA:348,158
DA:365,2
DA:366,4
DA:373,34
DA:374,34
DA:376,126
DA:379,214
DA:380,856
DA:381,642
DA:382,213
DA:383,471
DA:384,124
DA:386,198
DA:396,42
DA:405,644
DA:409,214
DA:410,214
DA:424,165
DA:425,165
DA:426,165
DA:427,1
DA:434,165
DA:435,165
DA:437,44
DA:438,330
DA:452,89
DA:453,89
DA:454,89
DA:455,1
DA:462,89
DA:463,89
DA:465,3
DA:466,178
DA:481,39
DA:482,39
DA:483,39
DA:486,174
DA:487,174
DA:489,348
DA:491,1
DA:497,1
DA:503,166
DA:504,166
DA:505,1
DA:513,166
DA:514,498
DA:515,830
DA:516,332
DA:517,74
DA:521,174
DA:522,174
DA:523,244
DA:524,4
DA:525,1
DA:527,366
DA:530,122
DA:531,122
DA:533,147
DA:534,147
DA:535,441
DA:549,6
DA:550,6
DA:551,6
DA:552,6
DA:553,6
DA:555,1
DA:563,6
DA:564,10
DA:578,9
DA:579,18
DA:580,33
DA:581,18
DA:583,9
DA:584,18
DA:586,1
DA:591,1
DA:595,36
DA:596,9
DA:597,9
DA:607,49
DA:608,49
DA:609,49
DA:612,160
DA:613,0
DA:614,160
DA:615,160
DA:616,160
DA:617,800
DA:618,320
DA:619,480
DA:622,160
DA:643,191
DA:644,191
DA:645,191
DA:646,382
DA:655,204
DA:657,204
DA:658,204
DA:659,1
DA:661,1
DA:662,1
DA:667,204
DA:668,408
DA:669,204
DA:670,204
DA:674,191
DA:675,191
DA:676,382
DA:677,191
DA:678,191
DA:682,157
DA:683,157
DA:684,471
DA:685,157
DA:686,942
DA:687,314
DA:688,378
DA:691,126
DA:693,157
DA:694,157
DA:697,17
DA:699,17
DA:700,51
DA:701,39
DA:702,68
DA:703,17
DA:708,147
DA:709,0
DA:710,0
DA:711,294
DA:712,441
DA:719,147
DA:721,441
DA:722,147
DA:723,147
DA:724,124
DA:725,124
DA:727,816
DA:730,7
DA:732,14
DA:733,49
DA:736,144
DA:737,288
DA:741,5
DA:742,10
DA:743,10
DA:751,5
DA:753,5
DA:754,15
DA:755,15
DA:758,0
DA:759,0
DA:761,5
end_of_record
SF:lib/src/animation/animations.dart
DA:15,34
DA:17,27
DA:20,27
DA:23,25
DA:26,25
DA:29,25
DA:32,27
DA:35,2
DA:47,104
DA:49,103
DA:52,31
DA:55,104
DA:58,26
DA:61,43
DA:64,46
DA:67,1
DA:89,4
DA:94,1
DA:97,1
DA:100,0
DA:103,0
DA:106,1
DA:109,1
DA:111,3
DA:126,0
DA:140,822
DA:145,516
DA:150,285
DA:155,39
DA:158,105
DA:174,104
DA:175,104
DA:176,104
DA:177,9
DA:178,9
DA:189,56
DA:191,104
DA:192,208
DA:194,27
DA:195,78
DA:196,78
DA:197,26
DA:198,26
DA:200,27
DA:201,27
DA:202,27
DA:203,27
DA:204,108
DA:205,26
DA:206,108
DA:207,81
DA:208,27
DA:209,27
DA:213,104
DA:215,104
DA:216,312
DA:217,312
DA:221,26
DA:223,26
DA:224,78
DA:225,78
DA:229,104
DA:230,311
DA:232,101
DA:233,302
DA:235,2
DA:237,2
DA:238,5
DA:239,6
DA:264,39
DA:265,0
DA:270,39
DA:272,39
DA:273,78
DA:276,10
DA:278,20
DA:279,10
DA:282,39
DA:284,117
DA:287,10
DA:289,30
DA:292,8
DA:293,16
DA:296,8
DA:297,24
DA:299,38
DA:300,114
DA:302,11
DA:303,0
DA:305,11
DA:306,10
DA:307,9
DA:308,6
DA:313,1
DA:315,3
DA:371,198
DA:375,0
DA:376,0
DA:377,594
DA:378,594
DA:410,198
DA:412,198
DA:413,116
DA:414,198
DA:416,103
DA:417,102
DA:419,36
DA:420,36
DA:425,198
DA:426,382
DA:429,198
DA:431,414
DA:433,396
DA:436,298
DA:437,198
DA:438,198
DA:439,396
DA:440,198
DA:441,1
DA:444,1
DA:449,198
DA:452,68
DA:455,2
DA:457,2
DA:458,3
DA:459,2
DA:460,8
DA:461,4
DA:465,491
DA:493,53
DA:494,0
DA:495,53
DA:496,265
DA:497,52
DA:498,26
DA:499,200
DA:500,37
DA:502,20
DA:503,4
DA:506,159
DA:507,159
DA:508,133
DA:509,79
DA:516,42
DA:529,27
DA:530,27
DA:531,54
DA:532,27
DA:533,27
DA:535,27
DA:538,26
DA:539,52
DA:542,29
DA:543,29
DA:545,29
DA:546,9
DA:547,9
DA:548,9
DA:549,10
DA:551,8
DA:552,40
DA:556,5
DA:557,10
DA:558,10
DA:559,10
DA:560,5
DA:561,15
DA:562,15
DA:565,29
DA:566,58
DA:567,29
DA:568,29
DA:570,29
DA:571,5
DA:572,5
DA:575,53
DA:576,106
DA:580,20
DA:582,20
DA:583,60
DA:584,60
DA:585,20
DA:586,24
DA:587,20
DA:588,20
DA:591,1
DA:593,1
DA:594,4
DA:595,3
DA:613,36
DA:616,0
DA:617,0
DA:626,36
DA:628,108
DA:629,108
DA:630,108
DA:631,108
DA:634,1
DA:636,3
DA:637,3
DA:638,3
DA:639,3
DA:646,5
DA:648,30
DA:649,6
DA:650,10
DA:653,1
DA:655,4
DA:659,5
DA:660,15
DA:661,10
DA:662,10
DA:667,5
DA:668,15
DA:669,10
DA:670,5
DA:684,1
DA:687,1
DA:689,1
DA:690,6
DA:702,2
DA:704,1
DA:705,495
DA:717,72
DA:719,36
DA:720,635
end_of_record
SF:lib/src/animation/curves.dart
DA:29,491
DA:51,80
DA:53,1
DA:55,2
DA:63,491
DA:65,158
DA:79,5
DA:84,5
DA:86,11
DA:87,4
DA:89,8
DA:90,8
DA:93,1
DA:95,3
DA:112,57
DA:113,0
DA:114,0
DA:115,0
DA:130,53
DA:132,107
DA:133,104
DA:134,104
DA:135,104
DA:136,104
DA:137,156
DA:138,101
DA:140,133
DA:141,35
DA:143,28
DA:146,2
DA:148,4
DA:149,5
DA:150,8
DA:161,39
DA:168,39
DA:170,79
DA:171,78
DA:172,78
DA:173,78
DA:175,10
DA:201,143
DA:202,0
DA:203,0
DA:204,0
DA:205,0
DA:233,138
DA:234,966
DA:235,828
DA:236,276
DA:239,138
DA:241,277
DA:245,276
DA:246,414
DA:247,414
DA:248,414
DA:249,138
DA:256,2
DA:258,20
DA:284,40
DA:289,5
DA:290,20
DA:292,1
DA:294,3
DA:306,125
DA:308,124
DA:310,249
DA:314,124
DA:315,248
DA:322,1
DA:323,1
DA:324,2
DA:325,1
DA:326,1
DA:327,3
DA:328,1
DA:329,1
DA:330,3
DA:332,1
DA:333,3
DA:340,1
DA:342,1
DA:344,3
DA:345,3
DA:353,1
DA:355,1
DA:357,3
DA:358,1
DA:366,1
DA:368,1
DA:370,3
DA:371,1
DA:372,4
DA:374,5
DA:391,1
DA:396,1
DA:398,3
DA:399,2
DA:400,1
DA:401,10
DA:404,1
DA:406,3
DA:420,2
DA:425,1
DA:427,3
DA:428,2
DA:429,10
DA:432,2
DA:434,6
DA:449,1
DA:454,1
DA:456,2
DA:457,2
DA:458,2
DA:459,1
DA:460,10
DA:462,11
DA:465,1
DA:467,3
DA:495,0
end_of_record
SF:lib/src/animation/tween.dart
DA:26,201
DA:52,597
DA:64,184
DA:65,184
DA:72,97
DA:73,97
DA:78,184
DA:85,182
DA:86,546
DA:88,1
DA:90,4
DA:93,1
DA:95,3
DA:100,97
DA:105,97
DA:107,388
DA:110,1
DA:112,3
DA:212,201
DA:231,72
DA:233,72
DA:234,72
DA:235,432
DA:250,199
DA:252,199
DA:253,199
DA:254,140
DA:255,136
DA:256,84
DA:259,1
DA:260,4
DA:266,8
DA:275,2
DA:276,6
DA:295,200
DA:298,21
DA:299,63
DA:313,10
DA:316,5
DA:317,15
DA:331,20
DA:334,3
DA:335,9
DA:355,104
DA:359,30
DA:360,210
DA:380,8
DA:384,2
DA:385,14
DA:391,4
DA:394,2
DA:395,2
DA:397,0
DA:398,0
DA:430,104
DA:431,0
DA:436,104
DA:438,207
DA:439,416
DA:442,60
DA:445,0
DA:446,0
end_of_record
SF:lib/src/animation/tween_sequence.dart
DA:47,2
DA:48,2
DA:51,1
DA:52,2
DA:53,1
DA:56,4
DA:57,9
DA:58,3
DA:66,1
DA:67,2
DA:68,3
DA:69,2
DA:72,1
DA:74,2
DA:75,1
DA:76,4
DA:77,4
DA:78,3
DA:79,1
DA:82,0
DA:92,1
DA:95,1
DA:121,2
DA:126,5
DA:128,7
DA:130,0
DA:131,0
end_of_record
SF:lib/src/cupertino/action_sheet.dart
DA:102,1
DA:110,0
DA:113,1
DA:151,1
DA:152,1
DA:153,2
DA:154,1
DA:155,1
DA:156,1
DA:157,1
DA:159,2
DA:162,1
DA:164,1
DA:172,1
DA:173,3
DA:174,1
DA:178,1
DA:179,1
DA:180,1
DA:181,1
DA:182,1
DA:187,1
DA:188,3
DA:190,1
DA:191,1
DA:192,1
DA:193,1
DA:198,1
DA:200,1
DA:201,2
DA:202,1
DA:203,1
DA:204,1
DA:205,1
DA:207,1
DA:208,1
DA:209,1
DA:217,1
DA:218,1
DA:219,1
DA:223,2
DA:225,1
DA:226,0
DA:228,5
DA:231,1
DA:232,1
DA:237,1
DA:243,1
DA:264,1
DA:269,0
DA:270,0
DA:292,1
DA:296,1
DA:297,1
DA:300,1
DA:301,1
DA:304,1
DA:305,1
DA:307,1
DA:311,1
DA:313,1
DA:319,1
DA:321,1
DA:332,1
DA:335,1
DA:339,1
DA:340,1
DA:346,1
DA:348,1
DA:349,1
DA:352,0
DA:353,0
DA:354,0
DA:358,0
DA:359,0
DA:360,0
DA:364,1
DA:365,2
DA:366,1
DA:370,1
DA:372,1
DA:374,1
DA:375,1
DA:376,1
DA:377,1
DA:378,1
DA:379,1
DA:380,1
DA:382,2
DA:389,1
DA:393,1
DA:398,1
DA:400,1
DA:401,3
DA:405,1
DA:407,1
DA:412,2
DA:417,1
DA:418,1
DA:420,1
DA:421,1
DA:423,1
DA:425,1
DA:426,2
DA:428,1
DA:429,2
DA:433,1
DA:435,1
DA:436,3
DA:437,2
DA:438,3
DA:439,2
DA:442,1
DA:444,1
DA:447,0
DA:449,0
DA:452,0
DA:454,0
DA:455,0
DA:456,0
DA:457,0
DA:458,0
DA:461,0
DA:463,0
DA:464,0
DA:465,0
DA:466,0
DA:467,0
DA:471,0
DA:473,0
DA:474,0
DA:475,0
DA:476,0
DA:477,0
DA:481,1
DA:482,0
DA:484,1
DA:485,2
DA:487,1
DA:488,2
DA:513,1
DA:521,2
DA:523,1
DA:524,2
DA:525,1
DA:526,0
DA:528,1
DA:529,1
DA:530,2
DA:535,2
DA:537,1
DA:538,2
DA:539,1
DA:540,0
DA:542,1
DA:543,1
DA:544,2
DA:555,1
DA:557,1
DA:558,1
DA:559,0
DA:561,1
DA:562,0
DA:566,1
DA:568,1
DA:569,1
DA:570,2
DA:572,1
DA:573,2
DA:577,1
DA:579,1
DA:580,0
DA:582,1
DA:583,0
DA:587,1
DA:589,2
DA:590,2
DA:594,1
DA:596,1
DA:597,2
DA:599,1
DA:600,2
DA:604,0
DA:606,0
DA:607,0
DA:608,0
DA:610,0
DA:611,0
DA:616,1
DA:618,2
DA:621,1
DA:623,2
DA:626,1
DA:628,2
DA:629,2
DA:630,2
DA:631,3
DA:633,2
DA:634,2
DA:635,1
DA:640,1
DA:642,2
DA:643,2
DA:644,2
DA:645,3
DA:647,2
DA:648,2
DA:649,1
DA:654,1
DA:656,5
DA:657,5
DA:658,1
DA:660,4
DA:663,2
DA:664,4
DA:667,2
DA:670,2
DA:671,5
DA:674,2
DA:677,4
DA:680,4
DA:684,3
DA:685,2
DA:686,4
DA:689,1
DA:691,2
DA:692,4
DA:694,8
DA:696,2
DA:699,2
DA:700,4
DA:703,1
DA:704,1
DA:705,1
DA:706,1
DA:707,5
DA:708,2
DA:709,1
DA:711,1
DA:715,1
DA:718,2
DA:719,2
DA:720,4
DA:722,2
DA:723,2
DA:732,491
DA:743,1
DA:748,1
DA:769,1
DA:771,1
DA:772,1
DA:773,2
DA:780,1
DA:781,1
DA:782,1
DA:784,1
DA:789,1
DA:790,1
DA:791,1
DA:792,1
DA:795,1
DA:796,1
DA:798,1
DA:799,2
DA:802,1
DA:808,1
DA:809,0
DA:810,0
DA:811,0
DA:819,2
DA:820,1
DA:823,1
DA:824,1
DA:825,1
DA:826,1
DA:841,1
DA:846,0
DA:847,1
DA:860,1
DA:861,1
DA:865,1
DA:867,2
DA:869,1
DA:870,5
DA:871,1
DA:872,1
DA:873,3
DA:878,1
DA:879,1
DA:880,2
DA:881,1
DA:883,1
DA:884,2
DA:897,1
DA:903,1
DA:904,1
DA:910,1
DA:912,1
DA:913,1
DA:915,1
DA:918,0
DA:919,0
DA:921,4
DA:922,2
DA:936,1
DA:940,1
DA:944,1
DA:946,2
DA:947,1
DA:948,3
DA:949,0
DA:952,0
DA:953,0
DA:954,0
DA:962,1
DA:973,1
DA:980,1
DA:985,1
DA:987,1
DA:988,1
DA:989,1
DA:993,0
DA:995,0
DA:996,0
DA:1021,1
DA:1027,1
DA:1031,2
DA:1033,0
DA:1034,0
DA:1038,0
DA:1039,0
DA:1043,2
DA:1044,0
DA:1045,0
DA:1049,0
DA:1050,0
DA:1065,1
DA:1067,2
DA:1068,2
DA:1071,1
DA:1073,2
DA:1076,1
DA:1078,2
DA:1081,1
DA:1083,2
DA:1085,2
DA:1086,4
DA:1087,3
DA:1088,1
DA:1089,1
DA:1094,1
DA:1095,4
DA:1096,2
DA:1097,2
DA:1098,4
DA:1099,2
DA:1101,2
DA:1102,4
DA:1103,5
DA:1104,3
DA:1110,1
DA:1111,2
DA:1112,2
DA:1113,2
DA:1114,5
DA:1117,1
DA:1119,2
DA:1121,2
DA:1122,4
DA:1123,1
DA:1128,1
DA:1129,2
DA:1131,4
DA:1133,1
DA:1135,2
DA:1136,1
DA:1141,1
DA:1143,2
DA:1148,1
DA:1152,1
DA:1157,2
DA:1158,1
DA:1159,2
DA:1161,3
DA:1162,3
DA:1164,2
DA:1167,1
DA:1168,1
DA:1171,3
DA:1172,3
DA:1176,1
DA:1178,1
DA:1179,1
DA:1180,1
DA:1183,1
DA:1184,2
DA:1186,1
DA:1187,1
DA:1188,2
DA:1190,1
DA:1192,1
DA:1196,1
DA:1199,2
DA:1200,1
DA:1201,1
DA:1205,2
DA:1207,1
DA:1208,1
DA:1211,2
DA:1213,1
DA:1214,1
DA:1215,1
DA:1216,2
DA:1217,1
DA:1220,1
DA:1221,1
DA:1222,3
DA:1223,2
DA:1224,2
DA:1230,0
DA:1231,0
DA:1238,1
DA:1239,1
DA:1242,1
DA:1243,4
DA:1246,1
DA:1249,2
DA:1250,2
DA:1251,2
DA:1254,1
DA:1255,1
DA:1257,1
DA:1258,3
DA:1259,1
DA:1263,1
DA:1265,1
end_of_record
SF:lib/src/rendering/box.dart
DA:18,738
DA:88,491
DA:96,369
DA:97,369
DA:98,369
DA:99,369
DA:100,369
DA:109,491
DA:124,65
DA:127,65
DA:128,65
DA:129,65
DA:130,65
DA:133,47
DA:135,47
DA:137,47
DA:143,491
DA:168,36
DA:174,36
DA:175,30
DA:176,19
DA:177,28
DA:178,28
DA:183,111
DA:184,0
DA:185,111
DA:186,111
DA:187,111
DA:188,713
DA:189,713
DA:190,111
DA:192,713
DA:194,713
DA:199,355
DA:200,355
DA:201,355
DA:203,355
DA:205,355
DA:211,292
DA:212,292
DA:213,1168
DA:214,1168
DA:215,1168
DA:216,1168
DA:223,88
DA:224,403
DA:225,315
DA:226,277
DA:227,277
DA:231,1
DA:232,1
DA:233,1
DA:234,1
DA:235,1
DA:236,1
DA:242,120
DA:246,32
DA:250,369
DA:251,369
DA:252,1107
DA:257,369
DA:258,369
DA:259,1107
DA:262,364
DA:263,364
DA:264,364
DA:265,538
DA:267,364
DA:276,364
DA:277,1820
DA:278,1092
DA:287,12
DA:288,36
DA:298,9
DA:299,9
DA:300,8
DA:301,24
DA:305,7
DA:306,7
DA:307,7
DA:308,7
DA:309,7
DA:311,14
DA:312,2
DA:313,2
DA:316,14
DA:317,1
DA:318,1
DA:321,14
DA:322,7
DA:323,7
DA:326,14
DA:327,6
DA:328,6
DA:331,21
DA:332,21
DA:337,820
DA:340,516
DA:343,1452
DA:346,1284
DA:349,363
DA:350,675
DA:359,1044
DA:368,1032
DA:383,696
DA:398,633
DA:401,369
DA:402,369
DA:403,2214
DA:404,2214
DA:408,1
DA:409,1
DA:410,2
DA:411,2
DA:412,2
DA:413,2
DA:418,1
DA:419,1
DA:420,2
DA:421,2
DA:422,2
DA:423,2
DA:428,1
DA:429,1
DA:430,3
DA:431,3
DA:432,3
DA:433,3
DA:438,1
DA:439,1
DA:440,2
DA:441,2
DA:442,2
DA:443,2
DA:453,4
DA:454,0
DA:458,1
DA:460,2
DA:461,4
DA:462,4
DA:463,21
DA:464,20
DA:465,21
DA:466,20
DA:467,4
DA:468,20
DA:469,20
DA:470,20
DA:471,20
DA:486,371
DA:488,742
DA:489,1113
DA:490,742
DA:491,1113
DA:494,371
DA:499,371
DA:500,1
DA:501,1
DA:503,0
DA:504,2
DA:506,2968
DA:507,1
DA:508,2
DA:509,1
DA:510,2
DA:511,1
DA:512,2
DA:513,1
DA:514,2
DA:515,1
DA:516,1
DA:517,2
DA:518,3
DA:520,2
DA:521,1
DA:522,2
DA:523,1
DA:525,1
DA:527,4
DA:529,742
DA:530,0
DA:531,742
DA:532,0
DA:533,742
DA:534,0
DA:535,1113
DA:536,0
DA:537,1113
DA:538,0
DA:539,1113
DA:540,0
DA:542,738
DA:543,0
DA:544,738
DA:545,0
DA:546,738
DA:547,0
DA:549,371
DA:551,371
DA:552,371
DA:559,1
DA:560,1
DA:562,3
DA:563,3
DA:564,1
DA:566,2
DA:568,3
DA:572,234
DA:574,233
DA:577,218
DA:580,218
DA:581,654
DA:582,636
DA:583,630
DA:584,627
DA:587,1
DA:589,1
DA:590,5
DA:593,22
DA:595,22
DA:596,58
DA:597,7
DA:598,60
DA:599,14
DA:600,2
DA:601,21
DA:602,21
DA:603,38
DA:604,33
DA:606,63
DA:607,63
DA:608,21
DA:617,143
DA:618,0
DA:619,143
DA:621,143
DA:622,143
DA:627,0
DA:628,0
DA:636,7
DA:637,14
DA:647,491
DA:651,25
DA:656,12
DA:658,12
DA:661,36
DA:662,36
DA:665,25
DA:666,75
DA:1077,358
DA:1079,716
DA:1080,716
DA:1085,344
DA:1086,25
DA:1088,344
DA:1094,344
DA:1096,42
DA:1097,50
DA:1098,17
DA:1099,50
DA:1102,335
DA:1121,344
DA:1123,344
DA:1125,0
DA:1131,344
DA:1132,0
DA:1141,344
DA:1142,688
DA:1237,17
DA:1260,343
DA:1262,343
DA:1264,0
DA:1270,343
DA:1271,0
DA:1280,343
DA:1281,686
DA:1314,2
DA:1336,343
DA:1338,343
DA:1340,0
DA:1346,343
DA:1347,0
DA:1356,343
DA:1357,686
DA:1386,17
DA:1409,342
DA:1411,342
DA:1413,0
DA:1419,342
DA:1420,0
DA:1429,342
DA:1430,684
DA:1463,2
DA:1469,738
DA:1481,368
DA:1482,368
DA:1483,368
DA:1484,736
DA:1485,368
DA:1486,736
DA:1487,368
DA:1493,734
DA:1494,1468
DA:1496,736
DA:1499,368
DA:1500,368
DA:1506,369
DA:1508,521
DA:1509,736
DA:1510,369
DA:1511,521
DA:1512,734
DA:1514,0
DA:1516,0
DA:1517,0
DA:1522,0
DA:1525,0
DA:1529,0
DA:1537,369
DA:1538,369
DA:1539,369
DA:1541,369
DA:1542,369
DA:1543,1107
DA:1559,369
DA:1561,369
DA:1562,369
DA:1563,662
DA:1564,963
DA:1565,0
DA:1570,0
DA:1586,321
DA:1587,0
DA:1592,0
DA:1603,738
DA:1605,369
DA:1609,87
DA:1610,174
DA:1612,187
DA:1615,374
DA:1620,21
DA:1641,21
DA:1642,0
DA:1643,21
DA:1644,21
DA:1645,21
DA:1646,42
DA:1647,60
DA:1648,2
DA:1649,3
DA:1650,0
DA:1651,0
DA:1653,21
DA:1654,21
DA:1655,21
DA:1656,21
DA:1658,26
DA:1667,21
DA:1670,0
DA:1671,42
DA:1672,84
DA:1673,42
DA:1700,14
DA:1702,0
DA:1707,371
DA:1708,371
DA:1710,369
DA:1712,369
DA:1713,369
DA:1714,369
DA:1715,0
DA:1717,0
DA:1721,0
DA:1730,738
DA:1731,0
DA:1732,0
DA:1734,0
DA:1735,0
DA:1736,0
DA:1737,0
DA:1738,0
DA:1740,0
DA:1742,0
DA:1743,0
DA:1744,0
DA:1745,0
DA:1746,0
DA:1749,0
DA:1750,0
DA:1755,0
DA:1756,0
DA:1758,0
DA:1763,1107
DA:1764,0
DA:1765,0
DA:1766,0
DA:1767,0
DA:1774,0
DA:1776,335
DA:1779,335
DA:1780,335
DA:1781,335
DA:1782,0
DA:1783,0
DA:1785,335
DA:1786,0
DA:1787,0
DA:1792,335
DA:1793,670
DA:1794,670
DA:1795,335
DA:1796,0
DA:1797,0
DA:1801,1005
DA:1802,1005
DA:1803,670
DA:1804,1675
DA:1805,670
DA:1806,1675
DA:1811,335
DA:1812,0
DA:1813,0
DA:1814,0
DA:1815,0
DA:1823,369
DA:1826,370
DA:1828,388
DA:1829,384
DA:1835,25
DA:1836,23
DA:1837,32
DA:1838,15
DA:1842,370
DA:1845,96
DA:1848,288
DA:1849,192
DA:1852,24
DA:1854,24
DA:1855,24
DA:1856,0
DA:1857,0
DA:1864,24
DA:1885,144
DA:1886,144
DA:1887,144
DA:1888,0
DA:1889,0
DA:1901,0
DA:1912,144
DA:1913,288
DA:1914,286
DA:1915,284
DA:1932,77
DA:1949,99
DA:1962,167
DA:1964,0
DA:1965,334
DA:1966,167
DA:1967,334
DA:1968,0
DA:1969,0
DA:1970,0
DA:1971,0
DA:1973,0
DA:1974,0
DA:1977,0
DA:1979,0
DA:1983,167
DA:1984,167
DA:1985,167
DA:1986,501
DA:2000,79
DA:2001,79
DA:2002,79
DA:2003,79
DA:2005,79
DA:2016,174
DA:2017,348
DA:2033,189
DA:2034,378
DA:2052,140
DA:2054,140
DA:2074,142
DA:2075,142
DA:2077,0
DA:2078,0
DA:2079,0
DA:2080,0
DA:2082,0
DA:2085,142
DA:2089,347
DA:2091,347
DA:2093,3
DA:2095,0
DA:2097,0
DA:2099,347
DA:2105,2
DA:2107,2
DA:2108,2
DA:2109,2
DA:2110,2
DA:2111,2
DA:2112,10
DA:2114,2
DA:2120,0
DA:2122,0
DA:2123,0
DA:2124,0
DA:2125,0
DA:2128,0
DA:2130,0
DA:2131,0
DA:2132,0
DA:2133,0
DA:2134,0
DA:2137,0
DA:2139,0
DA:2140,0
DA:2141,0
DA:2142,0
DA:2143,0
DA:2146,0
DA:2156,0
DA:2158,0
DA:2159,0
DA:2160,0
DA:2161,0
DA:2162,0
DA:2165,0
DA:2168,20
DA:2170,20
DA:2171,60
DA:2184,0
DA:2190,0
DA:2191,0
DA:2192,0
DA:2194,0
DA:2195,0
DA:2197,0
DA:2198,0
DA:2207,3
DA:2208,3
DA:2210,3
DA:2212,3
DA:2213,3
DA:2215,9
DA:2217,4910
DA:2221,3
DA:2235,156
DA:2237,156
DA:2239,156
DA:2240,468
DA:2242,113
DA:2253,297
DA:2254,297
DA:2256,296
DA:2257,888
DA:2258,296
DA:2267,3
DA:2268,3
DA:2269,3
DA:2271,3
DA:2272,3
DA:2273,3
end_of_record
SF:lib/src/rendering/object.dart
DA:31,355
DA:35,16
DA:68,354
DA:70,0
DA:71,0
DA:94,354
DA:95,354
DA:96,354
DA:102,354
DA:107,354
DA:108,354
DA:110,354
DA:115,354
DA:116,354
DA:117,0
DA:118,378
DA:120,708
DA:121,708
DA:123,354
DA:124,1081
DA:126,354
DA:127,1062
DA:128,354
DA:129,354
DA:140,1
DA:145,1
DA:146,1
DA:152,1
DA:160,346
DA:161,346
DA:163,0
DA:165,346
DA:167,346
DA:168,189
DA:169,189
DA:171,346
DA:174,346
DA:176,0
DA:178,346
DA:181,189
DA:182,189
DA:183,189
DA:184,189
DA:187,189
DA:188,189
DA:190,133
DA:191,133
DA:193,133
DA:197,399
DA:199,133
DA:201,378
DA:202,378
DA:214,201
DA:216,201
DA:217,201
DA:218,402
DA:221,354
DA:222,354
DA:223,354
DA:225,342
DA:226,342
DA:227,342
DA:229,354
DA:230,354
DA:231,354
DA:234,354
DA:248,342
DA:250,342
DA:251,342
DA:252,342
DA:255,342
DA:256,342
DA:257,1026
DA:258,684
DA:259,1026
DA:260,1026
DA:273,354
DA:276,354
DA:278,342
DA:280,0
DA:281,0
DA:282,0
DA:283,0
DA:284,0
DA:287,0
DA:288,0
DA:289,0
DA:290,0
DA:291,0
DA:294,342
DA:295,1368
DA:296,342
DA:297,342
DA:298,342
DA:307,4
DA:308,8
DA:317,1
DA:318,2
DA:335,4
DA:336,4
DA:337,4
DA:360,152
DA:361,152
DA:362,152
DA:363,0
DA:364,152
DA:365,152
DA:366,221
DA:367,152
DA:368,152
DA:372,152
DA:374,152
DA:388,134
DA:389,134
DA:391,222
DA:393,156
DA:411,4
DA:412,0
DA:413,4
DA:414,4
DA:416,8
DA:418,0
DA:436,3
DA:437,0
DA:438,3
DA:439,3
DA:441,2
DA:443,9
DA:456,58
DA:457,174
DA:458,348
DA:460,10
DA:461,10
DA:464,20
DA:467,55
DA:468,55
DA:469,110
DA:470,55
DA:471,55
DA:472,55
DA:490,39
DA:491,78
DA:494,0
DA:495,0
DA:548,491
DA:577,0
DA:581,0
DA:582,0
DA:613,87
DA:614,0
DA:615,87
DA:616,16
DA:630,85
DA:632,85
DA:633,85
DA:634,0
DA:640,85
DA:641,85
DA:642,85
DA:643,16
DA:644,170
DA:645,85
DA:685,379
DA:715,379
DA:716,379
DA:717,378
DA:723,754
DA:725,377
DA:726,754
DA:728,377
DA:729,377
DA:730,754
DA:740,262
DA:750,376
DA:751,752
DA:752,376
DA:754,376
DA:755,376
DA:757,376
DA:760,752
DA:761,376
DA:762,752
DA:763,1060
DA:764,1128
DA:765,376
DA:769,376
DA:770,376
DA:772,376
DA:773,752
DA:774,376
DA:787,111
DA:788,111
DA:790,111
DA:791,111
DA:792,111
DA:794,111
DA:796,111
DA:798,111
DA:799,111
DA:801,111
DA:810,354
DA:811,1062
DA:812,876
DA:813,701
DA:814,1041
DA:815,347
DA:817,708
DA:818,1062
DA:828,754
DA:838,354
DA:839,1062
DA:840,354
DA:841,354
DA:843,354
DA:845,354
DA:846,708
DA:848,1176
DA:849,354
DA:850,1062
DA:851,708
DA:852,354
DA:854,21
DA:858,708
DA:860,354
DA:861,354
DA:863,354
DA:864,1062
DA:878,216
DA:885,670
DA:900,87
DA:901,174
DA:902,174
DA:903,87
DA:904,174
DA:905,87
DA:906,86
DA:908,87
DA:911,85
DA:912,85
DA:913,170
DA:914,170
DA:915,170
DA:916,85
DA:917,85
DA:918,85
DA:936,343
DA:937,343
DA:939,261
DA:940,87
DA:941,261
DA:943,174
DA:944,131
DA:945,174
DA:946,174
DA:947,261
DA:948,87
DA:950,174
DA:952,174
DA:953,261
DA:954,261
DA:1071,384
DA:1072,1143
DA:1090,4
DA:1091,4
DA:1092,4
DA:1093,4
DA:1094,4
DA:1095,7
DA:1096,3
DA:1123,368
DA:1124,368
DA:1125,736
DA:1126,736
DA:1133,370
DA:1135,370
DA:1136,0
DA:1137,370
DA:1138,370
DA:1139,370
DA:1140,370
DA:1141,370
DA:1148,355
DA:1150,355
DA:1151,0
DA:1152,355
DA:1153,355
DA:1154,710
DA:1155,355
DA:1156,355
DA:1157,355
DA:1158,355
DA:1159,355
DA:1165,88
DA:1172,5
DA:1173,10
DA:1177,5
DA:1179,0
DA:1180,0
DA:1181,0
DA:1182,0
DA:1187,0
DA:1188,0
DA:1189,0
DA:1190,0
DA:1191,0
DA:1192,0
DA:1193,0
DA:1194,0
DA:1195,0
DA:1197,0
DA:1199,0
DA:1200,0
DA:1201,0
DA:1202,0
DA:1203,0
DA:1205,0
DA:1207,0
DA:1216,744
DA:1223,738
DA:1230,368
DA:1240,738
DA:1249,372
DA:1251,372
DA:1254,372
DA:1258,1220
DA:1262,372
DA:1266,744
DA:1270,349
DA:1273,372
DA:1277,381
DA:1278,381
DA:1280,379
DA:1282,379
DA:1285,758
DA:1288,2
DA:1289,2
DA:1291,379
DA:1292,37
DA:1293,37
DA:1295,758
DA:1298,23
DA:1299,23
DA:1301,1137
DA:1304,176
DA:1305,176
DA:1317,358
DA:1319,358
DA:1320,358
DA:1322,358
DA:1331,371
DA:1332,371
DA:1353,371
DA:1354,371
DA:1357,736
DA:1358,411
DA:1359,137
DA:1360,137
DA:1361,145
DA:1364,736
DA:1405,372
DA:1406,372
DA:1407,372
DA:1408,371
DA:1411,360
DA:1412,720
DA:1413,158
DA:1415,360
DA:1416,360
DA:1417,360
DA:1419,0
DA:1421,360
DA:1422,1080
DA:1423,720
DA:1437,170
DA:1439,170
DA:1440,170
DA:1441,170
DA:1442,150
DA:1444,49
DA:1446,340
DA:1456,27
DA:1457,27
DA:1458,27
DA:1461,355
DA:1462,710
DA:1463,100
DA:1464,100
DA:1465,190
DA:1466,90
DA:1477,378
DA:1478,378
DA:1479,756
DA:1480,756
DA:1481,378
DA:1482,378
DA:1483,378
DA:1484,378
DA:1486,378
DA:1487,1134
DA:1490,376
DA:1491,752
DA:1493,376
DA:1494,376
DA:1495,376
DA:1496,376
DA:1497,376
DA:1498,376
DA:1502,0
DA:1504,376
DA:1506,376
DA:1507,376
DA:1509,0
DA:1511,376
DA:1513,376
DA:1514,376
DA:1516,376
DA:1517,376
DA:1518,376
DA:1544,369
DA:1545,0
DA:1546,369
DA:1548,0
DA:1549,0
DA:1551,0
DA:1552,0
DA:1553,0
DA:1554,0
DA:1558,0
DA:1559,0
DA:1560,0
DA:1564,0
DA:1565,0
DA:1566,0
DA:1567,0
DA:1569,0
DA:1574,369
DA:1575,369
DA:1577,1456
DA:1580,361
DA:1581,361
DA:1583,369
DA:1584,369
DA:1586,369
DA:1587,1143
DA:1588,188
DA:1591,376
DA:1592,376
DA:1595,188
DA:1597,188
DA:1598,188
DA:1600,188
DA:1603,369
DA:1604,369
DA:1605,369
DA:1606,369
DA:1607,369
DA:1608,369
DA:1610,0
DA:1612,369
DA:1613,369
DA:1614,456
DA:1616,152
DA:1617,456
DA:1619,0
DA:1621,456
DA:1624,369
DA:1625,369
DA:1629,369
DA:1631,369
DA:1632,369
DA:1633,1107
DA:1635,5
DA:1637,369
DA:1639,369
DA:1640,369
DA:1642,369
DA:1643,369
DA:1644,369
DA:1653,0
DA:1666,369
DA:1720,111
DA:1722,111
DA:1723,111
DA:1724,111
DA:1725,111
DA:1727,555
DA:1729,111
DA:1734,0
DA:1757,2
DA:1764,1
DA:1778,375
DA:1785,354
DA:1795,374
DA:1806,350
DA:1807,350
DA:1808,350
DA:1809,350
DA:1818,4
DA:1820,4
DA:1821,4
DA:1823,4
DA:1840,371
DA:1841,371
DA:1843,371
DA:1844,742
DA:1845,367
DA:1846,367
DA:1848,365
DA:1849,100
DA:1853,371
DA:1854,371
DA:1855,371
DA:1856,184
DA:1858,371
DA:1860,371
DA:1861,1110
DA:1869,346
DA:1870,346
DA:1871,346
DA:1874,347
DA:1875,347
DA:1877,347
DA:1878,347
DA:1879,693
DA:1880,346
DA:1881,346
DA:1882,199
DA:1884,693
DA:1885,347
DA:1886,694
DA:1887,195
DA:1888,347
DA:1905,16
DA:1907,16
DA:1908,16
DA:1910,16
DA:1935,378
DA:1936,1132
DA:1937,378
DA:1939,343
DA:1940,343
DA:1941,343
DA:1943,0
DA:1945,343
DA:1948,343
DA:1949,343
DA:1950,1029
DA:1951,686
DA:1953,550
DA:1957,274
DA:1958,274
DA:1959,274
DA:1960,548
DA:1962,158
DA:1964,0
DA:1966,158
DA:1971,158
DA:1972,0
DA:1981,21
DA:1982,21
DA:1983,21
DA:1984,21
DA:1985,21
DA:1986,42
DA:1987,21
DA:1988,21
DA:1990,21
DA:1991,21
DA:1993,42
DA:1995,11
DA:1997,21
DA:2007,377
DA:2008,377
DA:2009,377
DA:2010,754
DA:2011,754
DA:2012,377
DA:2013,377
DA:2014,377
DA:2015,377
DA:2016,1131
DA:2024,2
DA:2025,2
DA:2026,2
DA:2027,4
DA:2028,4
DA:2029,2
DA:2030,2
DA:2031,4
DA:2032,2
DA:2033,2
DA:2036,354
DA:2037,354
DA:2038,354
DA:2039,0
DA:2043,0
DA:2049,354
DA:2057,354
DA:2059,354
DA:2060,354
DA:2061,0
DA:2066,0
DA:2074,354
DA:2076,354
DA:2077,354
DA:2080,708
DA:2082,354
DA:2083,354
DA:2085,354
DA:2086,354
DA:2087,354
DA:2089,1
DA:2091,354
DA:2092,354
DA:2094,354
DA:2096,354
DA:2107,354
DA:2126,7
DA:2133,86
DA:2134,172
DA:2149,184
DA:2150,184
DA:2152,362
DA:2153,181
DA:2156,184
DA:2157,368
DA:2158,0
DA:2159,184
DA:2161,184
DA:2162,734
DA:2163,728
DA:2176,87
DA:2198,86
DA:2209,86
DA:2210,86
DA:2211,172
DA:2212,172
DA:2213,86
DA:2214,86
DA:2215,172
DA:2216,258
DA:2217,172
DA:2253,381
DA:2266,54
DA:2267,108
DA:2269,36
DA:2270,24
DA:2271,7
DA:2272,7
DA:2273,7
DA:2280,381
DA:2281,381
DA:2282,762
DA:2283,762
DA:2285,381
DA:2303,22
DA:2305,22
DA:2306,22
DA:2308,22
DA:2318,85
DA:2320,85
DA:2321,85
DA:2322,170
DA:2323,85
DA:2332,380
DA:2333,1136
DA:2334,1136
DA:2335,380
DA:2344,189
DA:2345,87
DA:2346,174
DA:2349,174
DA:2350,170
DA:2352,86
DA:2354,86
DA:2355,172
DA:2356,52
DA:2363,193
DA:2371,60
DA:2373,87
DA:2374,58
DA:2375,58
DA:2376,198
DA:2377,174
DA:2378,116
DA:2384,87
DA:2385,346
DA:2386,87
DA:2387,167
DA:2389,87
DA:2391,87
DA:2392,144
DA:2393,144
DA:2394,87
DA:2396,261
DA:2400,87
DA:2403,0
DA:2405,87
DA:2406,87
DA:2408,174
DA:2409,87
DA:2410,87
DA:2411,87
DA:2413,173
DA:2414,86
DA:2417,86
DA:2418,34
DA:2419,34
DA:2420,34
DA:2424,86
DA:2425,86
DA:2426,86
DA:2427,172
DA:2428,258
DA:2429,86
DA:2432,82
DA:2434,130
DA:2435,4
DA:2436,215
DA:2437,60
DA:2438,5
DA:2439,5
DA:2445,87
DA:2446,9
DA:2448,87
DA:2451,174
DA:2452,87
DA:2453,0
DA:2454,87
DA:2459,82
DA:2463,86
DA:2469,86
DA:2471,56
DA:2475,87
DA:2488,87
DA:2489,87
DA:2505,51
DA:2510,102
DA:2511,51
DA:2517,142
DA:2542,30
DA:2544,30
DA:2545,84
DA:2547,18
DA:2548,36
DA:2549,11
DA:2550,11
DA:2552,36
DA:2554,30
DA:2555,9
DA:2556,30
DA:2557,13
DA:2558,30
DA:2559,7
DA:2563,4
DA:2564,4
DA:2569,18
DA:2576,18
DA:2580,18
DA:2581,18
DA:2586,18
DA:2589,18
DA:2598,3
DA:2604,3
DA:2608,3
DA:2609,3
DA:2610,3
DA:2613,3
DA:2617,20
DA:2620,60
DA:2621,100
DA:2622,60
DA:2624,60
DA:2625,60
DA:2626,40
DA:2628,40
DA:2631,80
DA:2634,2
DA:2635,2
DA:2652,13
DA:2658,26
DA:2659,13
DA:2660,13
DA:2676,0
DA:2684,1089
DA:2685,1089
DA:2686,1089
DA:2687,2
DA:2688,2
DA:2689,2
DA:2695,2
DA:2696,2
DA:2698,2
DA:2700,2
DA:2704,1089
DA:2710,2606
DA:2711,1307
DA:2712,1307
DA:2713,878
DA:2714,1307
DA:2715,1307
DA:2716,2558
DA:2719,1306
DA:2721,1306
DA:2722,1306
DA:2723,298
DA:2726,909
DA:2728,909
DA:2729,909
DA:2730,1784
DA:2733,823
DA:2735,823
DA:2736,154
DA:2739,1125
DA:2741,1125
DA:2742,2232
DA:2745,20
DA:2747,81
DA:2755,0
DA:2763,126
DA:2765,126
DA:2766,126
DA:2767,0
DA:2768,0
DA:2769,0
DA:2770,0
DA:2772,126
DA:2773,0
DA:2774,0
DA:2775,0
DA:2776,0
DA:2778,126
DA:2779,126
DA:2790,0
DA:2792,407
DA:2793,407
DA:2794,407
DA:2795,482
DA:2796,241
DA:2797,241
DA:2799,407
DA:2801,407
DA:2802,407
DA:2803,407
DA:2804,248
DA:2805,124
DA:2806,124
DA:2808,407
DA:2813,478
DA:2821,600
DA:2822,600
DA:2823,600
DA:2824,2
DA:2825,2
DA:2826,2
DA:2832,2
DA:2833,2
DA:2835,2
DA:2837,2
DA:2841,600
DA:2847,532
DA:2848,532
DA:2849,532
DA:2850,532
DA:2851,1064
DA:2852,1064
DA:2855,1064
DA:2856,532
DA:2857,162
DA:2858,81
DA:2860,532
DA:2861,532
DA:2863,391
DA:2864,391
DA:2865,782
DA:2866,782
DA:2867,391
DA:2868,391
DA:2870,782
DA:2871,391
DA:2872,391
DA:2873,391
DA:2877,90
DA:2878,45
DA:2880,90
DA:2881,90
DA:2882,45
DA:2883,45
DA:2884,90
DA:2892,532
DA:2893,532
DA:2894,532
DA:2895,532
DA:2896,1064
DA:2897,1064
DA:2898,532
DA:2899,532
DA:2903,11
DA:2904,22
DA:2908,420
DA:2909,18
DA:2912,162
DA:2913,162
DA:2914,324
DA:2915,324
DA:2916,324
DA:2917,162
DA:2918,186
DA:2919,186
DA:2921,226
DA:2922,226
DA:2924,162
DA:2925,276
DA:2926,276
DA:2928,230
DA:2929,230
DA:2931,162
DA:2932,162
DA:2933,324
DA:2939,157
DA:2940,157
DA:2941,157
DA:2947,0
DA:2948,0
DA:2950,0
DA:2951,0
DA:2952,0
DA:2953,0
DA:2954,0
DA:2957,0
DA:2958,0
DA:2959,0
DA:2967,54
DA:2968,54
DA:2969,54
DA:2970,54
DA:2971,108
DA:2972,54
DA:2973,108
DA:2975,43
DA:2976,43
DA:2977,43
DA:2980,614
DA:2982,614
DA:2983,614
DA:2985,69
DA:2986,69
DA:2987,69
DA:2991,612
DA:2993,612
DA:2994,612
DA:2996,523
DA:2997,523
DA:2998,523
DA:3002,614
DA:3004,614
DA:3006,24
DA:3007,24
DA:3008,24
DA:3012,602
DA:3014,602
DA:3016,520
DA:3017,520
DA:3018,520
DA:3023,1020
DA:3026,808
DA:3029,142
DA:3030,0
DA:3031,284
DA:3032,142
DA:3033,142
DA:3037,200
DA:3038,0
DA:3039,400
DA:3040,200
DA:3041,200
DA:3044,4
DA:3046,4
DA:3047,4
DA:3048,2
DA:3051,6
DA:3052,4
DA:3054,1
DA:3055,1
DA:3056,1
DA:3071,9
DA:3079,9
DA:3101,87
DA:3102,0
DA:3128,82
DA:3129,82
DA:3131,82
DA:3133,164
DA:3147,87
DA:3150,0
DA:3151,87
DA:3152,87
DA:3156,261
DA:3190,164
DA:3193,86
DA:3200,86
DA:3201,11
DA:3203,22
DA:3204,22
DA:3215,86
DA:3216,172
DA:3226,87
DA:3229,87
DA:3232,87
DA:3233,87
DA:3234,0
DA:3235,0
DA:3236,261
DA:3238,261
DA:3239,174
DA:3240,261
DA:3242,174
DA:3243,261
DA:3244,87
DA:3245,87
DA:3247,261
DA:3249,87
DA:3250,173
DA:3251,86
DA:3252,172
DA:3257,87
DA:3264,88
DA:3268,87
DA:3273,0
DA:3278,87
DA:3280,174
DA:3303,86
DA:3310,0
DA:3311,0
DA:3312,86
DA:3320,86
DA:3321,86
DA:3322,128
DA:3323,102
DA:3324,190
DA:3325,152
DA:3326,38
DA:3331,86
DA:3332,172
DA:3335,258
DA:3338,430
DA:3339,172
DA:3340,172
DA:3341,172
DA:3344,86
DA:3346,172
DA:3347,172
DA:3348,172
DA:3349,172
DA:3350,172
DA:3351,5
DA:3352,10
DA:3356,86
DA:3357,86
DA:3358,284
DA:3360,172
DA:3361,168
DA:3363,144
DA:3369,86
DA:3371,165
DA:3374,86
DA:3376,86
DA:3377,142
DA:3378,71
DA:3380,64
DA:3381,192
DA:3385,64
DA:3386,64
DA:3387,192
DA:3388,64
DA:3394,86
DA:3396,86
DA:3399,344
DA:3414,86
DA:3419,86
DA:3428,172
DA:3431,172
DA:3434,172
DA:3437,172
DA:3439,86
DA:3440,172
DA:3442,172
DA:3443,86
DA:3444,86
DA:3445,344
DA:3446,86
DA:3447,172
DA:3448,86
DA:3450,18
DA:3451,72
DA:3453,344
DA:3455,258
DA:3456,258
DA:3457,172
DA:3460,86
DA:3461,390
DA:3462,86
DA:3463,54
DA:3464,46
DA:3465,18
DA:3466,18
DA:3471,86
DA:3474,48
DA:3475,1
DA:3476,48
DA:3477,48
DA:3478,48
DA:3481,86
DA:3486,15
DA:3492,86
DA:3493,172
DA:3506,172
end_of_record
SF:lib/src/widgets/ticker_provider.dart
DA:22,33
DA:26,0
DA:27,33
DA:51,211
DA:52,211
DA:53,26
DA:56,19
DA:57,57
DA:59,1
DA:61,1
DA:62,3
DA:80,0
DA:84,199
DA:86,199
DA:87,199
DA:89,0
DA:90,0
DA:96,199
DA:97,597
DA:102,199
DA:105,199
DA:107,199
DA:108,597
DA:110,0
DA:112,0
DA:117,0
DA:119,199
DA:120,199
DA:123,199
DA:125,199
DA:126,796
DA:127,199
DA:130,199
DA:132,199
DA:134,199
DA:135,4
DA:137,4
DA:139,4
DA:144,597
DA:162,0
DA:166,467
DA:168,934
DA:169,934
DA:170,934
DA:174,451
DA:175,451
DA:176,902
DA:177,902
DA:180,691
DA:182,691
DA:183,691
DA:184,467
DA:185,29
DA:186,0
DA:188,0
DA:193,0
DA:199,691
DA:200,691
DA:203,691
DA:205,1382
DA:206,691
DA:207,358
DA:208,347
DA:211,691
DA:214,467
DA:216,467
DA:217,934
DA:219,467
DA:220,467
DA:221,2802
DA:233,382
DA:237,186
DA:239,372
DA:240,186
end_of_record
SF:lib/src/cupertino/activity_indicator.dart
DA:20,1
DA:24,0
DA:25,0
DA:26,1
DA:27,1
DA:39,1
DA:40,1
DA:47,1
DA:49,1
DA:50,2
DA:55,2
DA:56,2
DA:59,1
DA:61,1
DA:62,4
DA:63,2
DA:64,2
DA:66,2
DA:70,1
DA:72,2
DA:73,1
DA:76,1
DA:78,1
DA:79,3
DA:80,3
DA:81,1
DA:82,1
DA:83,1
DA:84,2
DA:98,1
DA:101,1
DA:102,1
DA:103,2
DA:104,2
DA:105,2
DA:109,1
DA:114,1
DA:116,1
DA:118,1
DA:119,5
DA:121,4
DA:123,2
DA:124,4
DA:125,2
DA:126,2
DA:127,3
DA:130,1
DA:133,1
DA:135,3
end_of_record
SF:lib/src/cupertino/app.dart
DA:78,11
DA:100,0
DA:101,0
DA:102,0
DA:103,0
DA:104,0
DA:105,0
DA:106,0
DA:107,0
DA:108,11
DA:190,11
DA:191,11
DA:196,11
DA:197,11
DA:201,9
DA:207,9
DA:216,11
DA:218,11
DA:219,22
DA:220,11
DA:223,2
DA:225,2
DA:226,8
DA:231,0
DA:233,2
DA:238,11
DA:239,22
DA:240,3
DA:241,2
DA:242,0
DA:243,44
DA:244,22
DA:246,0
DA:255,11
DA:256,22
DA:257,2
DA:261,11
DA:263,11
DA:264,11
DA:265,11
DA:266,11
DA:267,22
DA:268,11
DA:271,11
DA:272,11
DA:273,22
DA:274,22
DA:275,22
DA:276,22
DA:277,22
DA:278,22
DA:279,22
DA:280,22
DA:282,22
DA:283,22
DA:284,11
DA:285,22
DA:286,22
DA:287,22
DA:288,22
DA:289,22
DA:290,22
DA:291,22
DA:292,0
DA:293,0
end_of_record
SF:lib/src/cupertino/bottom_tab_bar.dart
DA:38,3
DA:47,0
DA:48,7
DA:49,0
DA:50,9
DA:51,0
DA:52,3
DA:94,12
DA:96,3
DA:99,3
DA:101,9
DA:102,3
DA:103,3
DA:111,3
DA:114,3
DA:115,3
DA:116,3
DA:117,3
DA:118,3
DA:119,3
DA:121,3
DA:122,3
DA:127,3
DA:129,3
DA:130,3
DA:131,3
DA:134,3
DA:142,3
DA:144,2
DA:145,2
DA:146,2
DA:155,3
DA:156,3
DA:158,12
DA:159,6
DA:160,3
DA:161,3
DA:162,3
DA:163,3
DA:166,12
DA:167,3
DA:169,9
DA:170,3
DA:172,3
DA:174,3
DA:175,3
DA:176,3
DA:177,9
DA:178,9
DA:181,9
DA:197,3
DA:201,3
DA:202,6
DA:203,3
DA:204,6
DA:212,3
DA:222,3
DA:223,3
DA:224,3
DA:225,3
DA:226,3
DA:227,3
DA:228,3
DA:229,0
DA:230,0
end_of_record
SF:lib/src/cupertino/button.dart
DA:49,9
DA:58,18
DA:112,18
DA:114,9
DA:115,9
DA:117,0
DA:119,0
DA:120,0
DA:133,9
DA:135,9
DA:136,18
DA:141,18
DA:142,18
DA:143,18
DA:144,9
DA:147,5
DA:149,5
DA:150,5
DA:153,9
DA:154,36
DA:157,9
DA:159,18
DA:160,9
DA:161,9
DA:166,7
DA:167,7
DA:168,7
DA:169,7
DA:173,7
DA:174,7
DA:175,7
DA:176,7
DA:180,1
DA:181,1
DA:182,1
DA:183,1
DA:187,7
DA:188,14
DA:190,7
DA:191,7
DA:192,14
DA:193,14
DA:194,14
DA:195,21
DA:196,6
DA:200,9
DA:202,18
DA:203,18
DA:205,9
DA:207,9
DA:208,9
DA:209,9
DA:210,18
DA:211,9
DA:213,9
DA:214,18
DA:216,9
DA:217,18
DA:218,18
DA:220,9
DA:221,9
DA:222,9
DA:223,9
DA:224,18
DA:226,2
DA:229,9
DA:230,18
DA:233,9
DA:236,9
DA:238,1
DA:241,2
DA:242,18
end_of_record
SF:lib/src/cupertino/colors.dart
DA:10,0
end_of_record
SF:lib/src/cupertino/date_picker.dart
DA:33,1
DA:36,0
DA:37,0
DA:45,1
DA:47,1
DA:49,4
DA:50,5
DA:54,4
DA:55,2
DA:57,4
DA:58,5
DA:59,2
DA:61,4
DA:62,2
DA:64,1
DA:68,1
DA:70,3
DA:71,0
DA:82,491
DA:105,491
DA:168,1
DA:179,1
DA:180,1
DA:181,1
DA:182,1
DA:184,1
DA:188,1
DA:191,0
DA:193,4
DA:197,1
DA:201,3
DA:205,3
DA:249,1
DA:255,4
DA:256,1
DA:258,1
DA:262,1
DA:270,1
DA:273,2
DA:276,2
DA:277,3
DA:281,1
DA:282,2
DA:283,1
DA:284,3
DA:288,1
DA:289,2
DA:290,1
DA:291,3
DA:295,1
DA:297,5
DA:298,0
DA:299,1
DA:301,1
DA:302,2
DA:303,1
DA:304,3
DA:308,1
DA:309,2
DA:310,1
DA:311,3
DA:315,1
DA:316,1
DA:320,1
DA:322,1
DA:323,1
DA:324,2
DA:327,1
DA:333,1
DA:335,1
DA:366,1
DA:368,1
DA:369,3
DA:370,1
DA:371,4
DA:372,4
DA:373,1
DA:375,2
DA:376,3
DA:377,3
DA:378,2
DA:379,0
DA:381,3
DA:385,1
DA:387,1
DA:390,4
DA:395,1
DA:397,1
DA:399,4
DA:400,3
DA:402,3
DA:403,3
DA:405,2
DA:409,1
DA:410,3
DA:411,3
DA:412,3
DA:415,3
DA:419,1
DA:420,1
DA:421,2
DA:422,2
DA:423,2
DA:424,3
DA:426,1
DA:427,1
DA:428,1
DA:429,1
DA:430,4
DA:431,1
DA:436,1
DA:437,1
DA:438,2
DA:444,0
DA:445,0
DA:446,0
DA:448,1
DA:449,1
DA:450,2
DA:451,2
DA:452,2
DA:453,2
DA:455,2
DA:457,2
DA:460,1
DA:462,3
DA:468,1
DA:469,1
DA:470,2
DA:476,1
DA:477,2
DA:478,0
DA:479,0
DA:482,4
DA:486,3
DA:487,2
DA:488,2
DA:489,3
DA:495,2
DA:496,3
DA:500,2
DA:502,2
DA:503,3
DA:505,1
DA:506,1
DA:507,1
DA:508,2
DA:509,2
DA:517,1
DA:518,1
DA:519,2
DA:525,0
DA:526,0
DA:527,0
DA:529,5
DA:530,3
DA:531,1
DA:532,1
DA:533,1
DA:534,2
DA:535,2
DA:543,1
DA:544,1
DA:545,1
DA:551,1
DA:552,1
DA:553,3
DA:555,2
DA:556,1
DA:557,1
DA:558,1
DA:559,1
DA:560,2
DA:561,2
DA:568,1
DA:571,1
DA:572,1
DA:573,1
DA:575,1
DA:576,1
DA:577,1
DA:581,2
DA:582,3
DA:583,0
DA:584,2
DA:585,2
DA:588,0
DA:589,0
DA:594,3
DA:595,3
DA:596,3
DA:597,0
DA:598,0
DA:601,2
DA:602,2
DA:606,1
DA:608,3
DA:610,1
DA:611,2
DA:612,3
DA:613,2
DA:616,3
DA:617,1
DA:618,2
DA:619,0
DA:621,2
DA:623,2
DA:625,1
DA:626,1
DA:627,3
DA:628,1
DA:629,1
DA:631,1
DA:632,5
DA:633,4
DA:635,2
DA:644,1
DA:646,1
DA:648,1
DA:649,1
DA:651,1
DA:682,1
DA:684,1
DA:685,4
DA:686,4
DA:687,4
DA:689,4
DA:692,1
DA:694,1
DA:696,4
DA:697,3
DA:699,3
DA:700,3
DA:702,6
DA:703,6
DA:704,6
DA:707,1
DA:708,6
DA:709,1
DA:710,1
DA:716,1
DA:717,2
DA:718,7
DA:719,6
DA:721,2
DA:723,1
DA:726,1
DA:727,1
DA:728,1
DA:729,3
DA:738,1
DA:739,1
DA:740,3
DA:746,1
DA:747,2
DA:748,7
DA:749,0
DA:751,2
DA:752,1
DA:753,1
DA:754,4
DA:761,1
DA:762,1
DA:763,2
DA:769,0
DA:770,0
DA:771,0
DA:772,0
DA:774,1
DA:775,3
DA:778,2
DA:781,1
DA:783,3
DA:789,1
DA:792,5
DA:793,2
DA:794,3
DA:795,2
DA:797,3
DA:803,2
DA:810,1
DA:812,1
DA:813,1
DA:815,2
DA:816,1
DA:817,4
DA:818,1
DA:819,3
DA:820,3
DA:821,3
DA:823,0
DA:824,0
DA:825,0
DA:826,0
DA:827,0
DA:828,0
DA:830,0
DA:831,0
DA:832,0
DA:833,0
DA:834,0
DA:835,0
DA:837,0
DA:838,0
DA:839,0
DA:840,0
DA:841,0
DA:842,0
DA:845,0
DA:848,1
DA:850,3
DA:851,4
DA:854,2
DA:857,2
DA:859,2
DA:861,1
DA:862,1
DA:863,3
DA:864,1
DA:865,1
DA:866,1
DA:867,1
DA:868,3
DA:869,2
DA:878,1
DA:880,1
DA:881,1
DA:882,1
DA:884,1
DA:885,1
DA:887,1
DA:915,491
DA:959,1
DA:965,0
DA:966,1
DA:967,2
DA:968,2
DA:969,4
DA:970,4
DA:971,3
DA:972,3
DA:991,1
DA:992,1
DA:1009,1
DA:1011,1
DA:1013,5
DA:1015,3
DA:1016,4
DA:1018,3
DA:1019,5
DA:1023,1
DA:1024,1
DA:1031,1
DA:1033,1
DA:1035,4
DA:1036,3
DA:1038,3
DA:1039,3
DA:1042,1
DA:1043,1
DA:1044,2
DA:1045,2
DA:1048,0
DA:1049,0
DA:1050,0
DA:1051,0
DA:1052,0
DA:1053,0
DA:1054,0
DA:1055,0
DA:1058,2
DA:1060,4
DA:1062,2
DA:1063,5
DA:1064,5
DA:1066,1
DA:1069,1
DA:1070,1
DA:1071,2
DA:1072,1
DA:1073,1
DA:1074,1
DA:1075,1
DA:1078,3
DA:1086,1
DA:1087,1
DA:1088,1
DA:1089,1
DA:1090,1
DA:1091,1
DA:1094,3
DA:1095,0
DA:1096,1
DA:1097,4
DA:1102,1
DA:1103,1
DA:1104,1
DA:1110,1
DA:1112,3
DA:1113,0
DA:1114,3
DA:1117,0
DA:1119,1
DA:1120,1
DA:1121,4
DA:1126,0
DA:1127,0
DA:1128,0
DA:1129,0
DA:1130,0
DA:1131,0
DA:1132,0
DA:1133,0
DA:1136,5
DA:1137,3
DA:1139,2
DA:1140,5
DA:1141,5
DA:1143,3
DA:1144,0
DA:1147,0
DA:1148,0
DA:1149,0
DA:1152,0
DA:1153,0
DA:1155,0
DA:1161,1
DA:1164,1
DA:1165,1
DA:1166,1
DA:1167,1
DA:1168,3
DA:1169,0
DA:1170,1
DA:1173,3
DA:1181,1
DA:1184,3
DA:1185,0
DA:1186,0
DA:1187,0
DA:1188,0
DA:1191,0
DA:1192,0
DA:1195,0
DA:1200,1
DA:1201,1
DA:1202,1
DA:1203,1
DA:1204,1
DA:1205,3
DA:1206,0
DA:1207,1
DA:1210,4
DA:1216,1
DA:1217,1
DA:1218,1
DA:1225,1
DA:1226,2
DA:1229,4
DA:1231,1
DA:1232,1
DA:1233,4
DA:1238,0
DA:1239,0
DA:1240,0
DA:1241,0
DA:1242,0
DA:1243,0
DA:1244,0
DA:1245,0
DA:1248,5
DA:1249,3
DA:1251,2
DA:1252,5
DA:1253,5
DA:1255,1
DA:1258,1
DA:1259,1
DA:1260,1
DA:1261,1
DA:1265,3
DA:1273,1
DA:1275,4
DA:1277,1
DA:1278,1
DA:1279,1
DA:1280,2
DA:1281,1
DA:1282,1
DA:1283,1
DA:1284,1
DA:1287,4
DA:1291,1
DA:1292,1
DA:1293,1
DA:1299,1
DA:1307,3
DA:1308,0
DA:1309,0
DA:1310,0
DA:1311,0
DA:1314,3
DA:1315,0
DA:1316,0
DA:1317,0
DA:1318,0
DA:1322,1
DA:1323,1
DA:1324,2
DA:1325,1
DA:1326,1
DA:1327,1
DA:1329,2
DA:1334,1
end_of_record
SF:lib/src/cupertino/dialog.dart
DA:100,1
DA:101,1
DA:102,2
DA:133,1
DA:140,0
DA:141,1
DA:184,1
DA:185,1
DA:187,2
DA:188,1
DA:189,1
DA:190,1
DA:191,1
DA:193,2
DA:196,1
DA:198,1
DA:206,1
DA:207,1
DA:210,2
DA:211,1
DA:212,1
DA:213,1
DA:220,1
DA:222,1
DA:223,1
DA:224,2
DA:225,1
DA:226,2
DA:228,491
DA:230,1
DA:231,1
DA:232,1
DA:233,1
DA:238,1
DA:240,1
DA:244,1
DA:245,1
DA:246,1
DA:247,1
DA:276,0
DA:279,0
DA:284,0
DA:286,0
DA:287,0
DA:289,0
DA:290,0
DA:313,1
DA:317,1
DA:332,1
DA:334,1
DA:335,1
DA:336,1
DA:337,1
DA:338,1
DA:340,1
DA:341,1
DA:342,1
DA:355,1
DA:359,1
DA:364,1
DA:366,1
DA:367,3
DA:368,1
DA:372,1
DA:374,2
DA:377,1
DA:379,1
DA:384,2
DA:389,1
DA:390,1
DA:392,1
DA:393,1
DA:395,1
DA:397,1
DA:398,2
DA:400,1
DA:401,2
DA:405,1
DA:407,1
DA:408,5
DA:409,5
DA:412,1
DA:414,0
DA:416,1
DA:417,2
DA:419,1
DA:420,2
DA:425,0
DA:427,0
DA:430,1
DA:432,1
DA:433,5
DA:434,5
DA:437,0
DA:439,0
DA:440,0
DA:441,0
DA:443,0
DA:444,0
DA:448,0
DA:450,0
DA:451,0
DA:452,0
DA:454,0
DA:455,0
DA:485,1
DA:495,2
DA:497,1
DA:498,2
DA:499,1
DA:500,0
DA:502,1
DA:503,1
DA:504,2
DA:509,2
DA:511,1
DA:512,2
DA:513,1
DA:514,0
DA:516,1
DA:517,1
DA:518,2
DA:523,2
DA:525,1
DA:526,2
DA:527,0
DA:528,0
DA:532,2
DA:542,1
DA:544,1
DA:545,1
DA:546,2
DA:548,1
DA:549,2
DA:553,1
DA:555,1
DA:556,1
DA:557,2
DA:559,1
DA:560,2
DA:564,1
DA:566,1
DA:567,0
DA:569,1
DA:570,0
DA:574,1
DA:576,2
DA:577,2
DA:581,1
DA:583,1
DA:584,2
DA:586,1
DA:587,2
DA:591,0
DA:593,0
DA:594,0
DA:595,0
DA:597,0
DA:598,0
DA:603,1
DA:605,1
DA:608,1
DA:610,1
DA:613,1
DA:615,2
DA:616,2
DA:617,2
DA:618,3
DA:620,1
DA:625,1
DA:627,2
DA:628,2
DA:629,2
DA:630,3
DA:632,1
DA:637,1
DA:639,1
DA:642,1
DA:647,1
DA:651,1
DA:652,4
DA:653,4
DA:654,1
DA:656,3
DA:659,2
DA:660,4
DA:663,2
DA:666,2
DA:667,5
DA:670,2
DA:673,4
DA:676,3
DA:677,2
DA:682,3
DA:683,2
DA:684,4
DA:687,1
DA:688,4
DA:689,4
DA:690,1
DA:692,3
DA:693,3
DA:697,5
DA:704,2
DA:705,6
DA:708,2
DA:711,2
DA:712,5
DA:715,2
DA:720,0
DA:721,0
DA:724,0
DA:727,0
DA:728,0
DA:731,0
DA:735,4
DA:738,3
DA:739,2
DA:744,3
DA:745,2
DA:746,4
DA:749,1
DA:751,2
DA:752,4
DA:754,8
DA:756,2
DA:759,2
DA:760,4
DA:763,1
DA:764,1
DA:765,1
DA:766,1
DA:767,5
DA:768,2
DA:769,1
DA:771,1
DA:775,1
DA:778,2
DA:779,2
DA:780,4
DA:782,4
DA:791,491
DA:802,1
DA:807,1
DA:828,1
DA:830,2
DA:831,1
DA:832,1
DA:833,2
DA:834,1
DA:837,1
DA:838,1
DA:840,1
DA:843,1
DA:848,1
DA:849,1
DA:850,1
DA:851,1
DA:854,1
DA:855,1
DA:857,1
DA:860,1
DA:866,1
DA:867,0
DA:868,0
DA:869,0
DA:873,1
DA:874,1
DA:875,1
DA:876,1
DA:891,1
DA:895,0
DA:896,1
DA:907,1
DA:908,1
DA:912,1
DA:914,2
DA:916,1
DA:917,5
DA:918,1
DA:919,1
DA:920,3
DA:925,1
DA:926,1
DA:927,2
DA:928,1
DA:930,1
DA:943,1
DA:949,1
DA:950,1
DA:956,1
DA:958,1
DA:959,1
DA:960,1
DA:962,1
DA:965,3
DA:966,1
DA:968,3
DA:969,1
DA:972,4
DA:973,2
DA:988,1
DA:992,1
DA:996,1
DA:998,2
DA:999,1
DA:1000,3
DA:1001,2
DA:1004,1
DA:1005,1
DA:1006,1
DA:1014,1
DA:1029,1
DA:1035,0
DA:1069,2
DA:1071,1
DA:1072,2
DA:1079,1
DA:1084,1
DA:1088,1
DA:1093,3
DA:1094,1
DA:1096,1
DA:1097,1
DA:1099,1
DA:1101,1
DA:1102,1
DA:1103,3
DA:1105,1
DA:1107,1
DA:1108,1
DA:1125,1
DA:1129,1
DA:1136,1
DA:1139,2
DA:1141,1
DA:1142,1
DA:1145,1
DA:1146,3
DA:1155,1
DA:1156,1
DA:1158,1
DA:1160,1
DA:1163,1
DA:1166,1
DA:1168,1
DA:1170,1
DA:1174,1
DA:1176,2
DA:1192,1
DA:1197,1
DA:1201,1
DA:1203,1
DA:1204,1
DA:1207,1
DA:1211,1
DA:1213,2
DA:1216,2
DA:1257,1
DA:1263,1
DA:1266,2
DA:1268,1
DA:1269,2
DA:1270,0
DA:1271,0
DA:1276,2
DA:1278,1
DA:1279,2
DA:1280,0
DA:1281,0
DA:1297,1
DA:1298,1
DA:1300,2
DA:1301,1
DA:1302,1
DA:1305,1
DA:1309,1
DA:1310,1
DA:1312,2
DA:1313,1
DA:1314,1
DA:1317,1
DA:1322,1
DA:1324,2
DA:1325,2
DA:1328,1
DA:1330,1
DA:1333,1
DA:1335,1
DA:1338,1
DA:1341,2
DA:1343,2
DA:1345,1
DA:1347,3
DA:1349,1
DA:1353,1
DA:1361,1
DA:1362,4
DA:1365,2
DA:1366,2
DA:1368,3
DA:1369,491
DA:1370,2
DA:1371,2
DA:1379,1
DA:1380,2
DA:1382,2
DA:1383,2
DA:1384,5
DA:1387,1
DA:1390,2
DA:1393,2
DA:1395,2
DA:1396,2
DA:1398,1
DA:1401,3
DA:1402,491
DA:1403,2
DA:1404,2
DA:1409,1
DA:1414,1
DA:1421,1
DA:1422,2
DA:1424,4
DA:1426,1
DA:1428,2
DA:1429,1
DA:1434,1
DA:1436,2
DA:1438,2
DA:1441,2
DA:1442,2
DA:1443,3
DA:1444,1
DA:1451,1
DA:1453,2
DA:1454,2
DA:1457,2
DA:1458,1
DA:1462,3
DA:1463,5
DA:1467,1
DA:1468,5
DA:1469,5
DA:1475,2
DA:1479,2
DA:1485,3
DA:1486,2
DA:1487,7
DA:1490,3
DA:1491,1
DA:1492,1
DA:1493,491
DA:1494,3
DA:1495,3
DA:1502,2
DA:1507,1
DA:1511,1
DA:1516,2
DA:1517,1
DA:1518,2
DA:1520,3
DA:1521,3
DA:1523,2
DA:1526,1
DA:1527,1
DA:1531,3
DA:1532,2
DA:1537,1
DA:1539,1
DA:1541,3
DA:1542,1
DA:1544,1
DA:1547,1
DA:1550,1
DA:1554,3
DA:1555,1
DA:1556,5
DA:1557,1
DA:1558,1
DA:1559,491
DA:1560,3
DA:1561,3
DA:1564,0
DA:1566,2
DA:1567,0
DA:1569,0
DA:1570,0
DA:1571,0
DA:1572,0
DA:1573,0
DA:1575,1
DA:1578,1
DA:1579,1
DA:1580,2
DA:1581,1
DA:1583,2
DA:1584,0
DA:1587,1
DA:1589,1
DA:1593,1
DA:1594,2
DA:1595,0
DA:1598,1
DA:1600,1
DA:1604,1
DA:1605,1
DA:1607,1
DA:1609,1
DA:1613,1
DA:1614,2
DA:1616,1
DA:1617,1
DA:1618,2
DA:1620,1
DA:1622,1
DA:1626,1
DA:1629,2
DA:1630,1
DA:1631,1
DA:1635,2
DA:1637,1
DA:1638,1
DA:1641,2
DA:1643,1
DA:1644,1
DA:1645,1
DA:1646,2
DA:1647,1
DA:1650,1
DA:1651,1
DA:1652,3
DA:1653,2
DA:1654,2
DA:1660,1
DA:1661,1
DA:1668,1
DA:1669,1
DA:1672,1
DA:1673,4
DA:1676,1
DA:1679,2
DA:1680,2
DA:1681,2
DA:1684,1
DA:1685,1
DA:1687,1
DA:1688,3
DA:1689,1
DA:1693,1
DA:1695,1
end_of_record
SF:lib/src/cupertino/icons.dart
DA:29,0
end_of_record
SF:lib/src/cupertino/localizations.dart
DA:12,491
DA:32,491
DA:200,4
DA:201,4
DA:206,99
DA:208,99
DA:209,198
DA:211,99
DA:212,99
DA:214,40
DA:225,100
DA:269,2
DA:270,2
DA:272,2
DA:273,4
DA:275,2
DA:276,2
DA:278,2
DA:279,2
DA:281,2
DA:282,4
DA:284,2
DA:285,4
DA:287,2
DA:289,2
DA:291,4
DA:294,3
DA:296,9
DA:297,9
DA:298,9
DA:301,2
DA:304,2
DA:307,2
DA:310,2
DA:313,1
DA:316,2
DA:317,2
DA:319,2
DA:320,2
DA:322,2
DA:323,2
DA:325,2
DA:326,2
DA:328,2
DA:331,2
DA:334,0
DA:337,0
DA:340,0
DA:343,2
DA:352,99
DA:353,99
end_of_record
SF:lib/src/cupertino/nav_bar.dart
DA:71,491
DA:73,0
DA:77,4
DA:78,4
DA:91,4
DA:99,8
DA:103,4
DA:109,4
DA:110,4
DA:117,8
DA:120,4
DA:121,4
DA:122,4
DA:129,4
DA:130,4
DA:135,8
DA:180,4
DA:194,0
DA:195,0
DA:196,0
DA:198,0
DA:203,0
DA:207,4
DA:340,4
DA:341,12
DA:343,4
DA:348,4
DA:350,4
DA:360,4
DA:362,4
DA:363,8
DA:366,4
DA:368,4
DA:369,4
DA:370,4
DA:371,8
DA:372,8
DA:373,8
DA:374,8
DA:375,8
DA:376,8
DA:377,8
DA:378,8
DA:383,4
DA:384,8
DA:385,8
DA:386,4
DA:388,8
DA:392,12
DA:396,4
DA:397,8
DA:398,4
DA:399,4
DA:400,4
DA:401,4
DA:402,4
DA:403,8
DA:404,8
DA:405,8
DA:406,8
DA:464,3
DA:479,0
DA:480,0
DA:482,3
DA:487,3
DA:568,0
DA:570,3
DA:571,3
DA:580,3
DA:582,3
DA:583,6
DA:586,3
DA:588,3
DA:589,3
DA:590,3
DA:591,6
DA:592,6
DA:593,6
DA:594,6
DA:595,6
DA:596,6
DA:597,6
DA:598,6
DA:599,6
DA:603,3
DA:605,3
DA:606,3
DA:608,6
DA:609,6
DA:610,6
DA:611,6
DA:612,6
DA:613,6
DA:614,6
DA:615,12
DA:616,6
DA:624,3
DA:636,0
DA:637,0
DA:638,0
DA:652,3
DA:653,3
DA:655,3
DA:656,6
DA:658,3
DA:660,15
DA:663,3
DA:664,3
DA:665,3
DA:668,3
DA:671,3
DA:672,3
DA:673,3
DA:674,3
DA:676,3
DA:677,3
DA:678,3
DA:682,3
DA:686,3
DA:690,3
DA:695,3
DA:698,3
DA:701,3
DA:703,3
DA:707,6
DA:716,3
DA:726,6
DA:730,3
DA:731,3
DA:732,3
DA:733,3
DA:734,3
DA:738,3
DA:739,3
DA:740,3
DA:741,3
DA:742,3
DA:743,3
DA:750,0
DA:752,0
DA:753,0
DA:754,0
DA:755,0
DA:756,0
DA:757,0
DA:758,0
DA:759,0
DA:760,0
DA:761,0
DA:771,4
DA:776,4
DA:785,4
DA:787,8
DA:790,4
DA:792,4
DA:796,4
DA:798,3
DA:799,3
DA:805,8
DA:806,8
DA:807,8
DA:810,4
DA:813,8
DA:817,4
DA:820,8
DA:825,4
DA:826,1
DA:827,1
DA:828,2
DA:829,2
DA:835,4
DA:836,16
DA:837,4
DA:853,4
DA:854,4
DA:855,4
DA:856,4
DA:857,4
DA:858,4
DA:859,4
DA:860,4
DA:877,4
DA:890,4
DA:891,4
DA:898,4
DA:899,4
DA:904,4
DA:905,4
DA:911,4
DA:912,4
DA:919,4
DA:920,4
DA:925,4
DA:926,4
DA:933,3
DA:939,3
DA:940,3
DA:941,4
DA:950,4
DA:964,4
DA:965,4
DA:966,4
DA:968,2
DA:971,3
DA:979,2
DA:981,2
DA:982,2
DA:983,1
DA:985,2
DA:986,2
DA:987,2
DA:988,2
DA:1000,4
DA:1010,4
DA:1011,8
DA:1016,4
DA:1022,4
DA:1033,4
DA:1034,8
DA:1039,4
DA:1041,4
DA:1051,4
DA:1065,3
DA:1074,4
DA:1081,4
DA:1091,2
DA:1093,2
DA:1094,2
DA:1095,1
DA:1097,2
DA:1098,2
DA:1099,2
DA:1100,2
DA:1114,4
DA:1125,2
DA:1131,0
DA:1135,3
DA:1156,0
DA:1161,0
DA:1165,4
DA:1170,0
DA:1186,4
DA:1188,4
DA:1190,4
DA:1194,4
DA:1195,4
DA:1200,4
DA:1202,4
DA:1203,8
DA:1204,4
DA:1207,4
DA:1209,4
DA:1211,4
DA:1212,4
DA:1213,0
DA:1223,2
DA:1230,982
DA:1232,4
DA:1234,4
DA:1235,8
DA:1239,4
DA:1240,4
DA:1241,8
DA:1242,4
DA:1244,4
DA:1246,4
DA:1247,4
DA:1252,4
DA:1253,0
DA:1254,0
DA:1260,4
DA:1271,4
DA:1275,0
DA:1276,4
DA:1283,4
DA:1288,3
DA:1294,6
DA:1298,3
DA:1305,4
DA:1307,4
DA:1308,2
DA:1309,8
DA:1310,4
DA:1314,4
DA:1315,4
DA:1316,4
DA:1333,4
DA:1341,0
DA:1342,0
DA:1343,8
DA:1353,2
DA:1354,8
DA:1356,2
DA:1364,4
DA:1366,4
DA:1368,8
DA:1369,4
DA:1371,12
DA:1377,12
DA:1385,4
DA:1390,4
DA:1391,4
DA:1411,2
DA:1415,2
DA:1416,6
DA:1417,6
DA:1419,2
DA:1420,2
DA:1421,2
DA:1423,2
DA:1424,2
DA:1425,2
DA:1427,2
DA:1440,2
DA:1442,2
DA:1445,2
DA:1446,2
DA:1447,2
DA:1448,2
DA:1451,6
DA:1452,6
DA:1453,2
DA:1454,6
DA:1461,4
DA:1462,4
DA:1463,4
DA:1464,4
DA:1465,4
DA:1466,4
DA:1468,4
DA:1469,4
DA:1470,4
DA:1471,4
DA:1472,4
DA:1473,4
DA:1476,4
DA:1482,2
DA:1483,507
DA:1485,2
DA:1515,2
DA:1519,2
DA:1520,2
DA:1521,2
DA:1522,2
DA:1523,4
DA:1524,4
DA:1525,2
DA:1526,2
DA:1527,2
DA:1528,2
DA:1531,10
DA:1565,2
DA:1569,4
DA:1570,2
DA:1572,2
DA:1573,6
DA:1574,2
DA:1588,2
DA:1594,2
DA:1596,4
DA:1597,4
DA:1599,2
DA:1602,2
DA:1604,16
DA:1605,4
DA:1607,2
DA:1609,4
DA:1613,2
DA:1614,8
DA:1615,4
DA:1619,2
DA:1620,8
DA:1621,4
DA:1625,2
DA:1626,6
DA:1632,1
DA:1633,4
DA:1634,1
DA:1635,1
DA:1636,1
DA:1641,2
DA:1642,6
DA:1648,2
DA:1649,8
DA:1650,2
DA:1651,2
DA:1652,2
DA:1653,2
DA:1654,2
DA:1660,2
DA:1661,6
DA:1667,8
DA:1670,2
DA:1672,14
DA:1675,2
DA:1676,4
DA:1677,2
DA:1678,2
DA:1679,2
DA:1680,2
DA:1681,2
DA:1687,2
DA:1688,6
DA:1689,6
DA:1690,6
DA:1694,4
DA:1699,2
DA:1700,6
DA:1701,4
DA:1702,2
DA:1703,4
DA:1704,2
DA:1706,2
DA:1708,4
DA:1709,2
DA:1713,2
DA:1714,6
DA:1716,2
DA:1718,2
DA:1728,1
DA:1729,4
DA:1730,1
DA:1731,2
DA:1733,1
DA:1735,1
DA:1744,2
DA:1745,6
DA:1746,6
DA:1747,6
DA:1749,1
DA:1754,1
DA:1755,3
DA:1756,2
DA:1757,1
DA:1758,2
DA:1759,1
DA:1761,1
DA:1762,1
DA:1763,1
DA:1767,1
DA:1768,3
DA:1770,1
DA:1774,1
DA:1782,0
DA:1784,0
DA:1786,0
DA:1791,0
DA:1792,0
DA:1793,0
DA:1794,0
DA:1796,0
DA:1798,0
DA:1807,2
DA:1808,6
DA:1814,1
DA:1815,4
DA:1816,1
DA:1817,1
DA:1818,1
DA:1823,2
DA:1824,6
DA:1830,1
DA:1831,4
DA:1832,1
DA:1833,1
DA:1834,1
DA:1839,2
DA:1840,6
DA:1841,6
DA:1847,8
DA:1853,4
DA:1854,5
DA:1857,2
DA:1862,2
DA:1863,4
DA:1864,2
DA:1865,2
DA:1866,2
DA:1867,2
DA:1868,2
DA:1874,2
DA:1875,6
DA:1876,6
DA:1877,6
DA:1884,8
DA:1889,6
DA:1890,0
DA:1892,0
DA:1903,1
DA:1905,1
DA:1906,3
DA:1907,2
DA:1908,1
DA:1909,2
DA:1910,1
DA:1912,1
DA:1913,1
DA:1914,1
DA:1915,3
DA:1917,1
DA:1921,1
DA:1930,2
DA:1931,6
DA:1932,4
DA:1933,2
DA:1934,4
DA:1935,2
DA:1937,2
DA:1938,2
DA:1939,2
DA:1940,6
DA:1942,2
DA:1944,2
DA:1953,2
DA:1954,6
DA:1962,4
DA:1966,8
DA:1969,2
DA:1970,12
DA:1974,2
DA:1975,4
DA:1976,2
DA:1977,2
DA:1978,2
DA:1980,2
DA:1986,2
DA:1987,6
DA:1993,0
DA:1994,0
DA:1995,0
DA:1996,0
DA:1997,0
DA:2002,2
DA:2003,6
DA:2005,1
DA:2009,4
DA:2012,1
DA:2013,5
DA:2017,1
DA:2018,2
DA:2019,1
DA:2020,1
DA:2021,1
DA:2025,1
DA:2034,4
DA:2035,4
DA:2036,20
DA:2037,20
DA:2039,4
DA:2040,8
DA:2041,8
DA:2045,2
DA:2049,2
DA:2061,2
DA:2071,2
DA:2078,0
DA:2079,0
DA:2080,0
DA:2081,0
DA:2082,4
DA:2083,4
DA:2085,2
DA:2086,2
DA:2088,4
DA:2089,4
DA:2091,2
DA:2092,2
DA:2094,2
DA:2095,2
DA:2098,8
DA:2102,8
DA:2107,2
DA:2108,2
DA:2114,0
DA:2115,0
end_of_record
SF:lib/src/foundation/diagnostics.dart
DA:15,493
DA:72,493
DA:130,266
DA:151,0
DA:152,0
DA:153,0
DA:154,0
DA:155,0
DA:156,0
DA:157,0
DA:158,0
DA:159,0
DA:160,0
DA:161,0
DA:162,0
DA:163,0
DA:164,0
DA:165,0
DA:166,0
DA:167,0
DA:168,0
DA:169,0
DA:170,0
DA:171,532
DA:526,266
DA:542,38
DA:546,266
DA:547,266
DA:550,266
DA:553,56
DA:554,0
DA:555,28
DA:556,52
DA:557,13
DA:559,56
DA:560,28
DA:564,532
DA:565,798
DA:566,262
DA:567,72
DA:568,24
DA:572,266
DA:573,0
DA:576,266
DA:577,798
DA:578,546
DA:579,14
DA:580,14
DA:581,28
DA:582,28
DA:586,0
DA:588,266
DA:593,21
DA:594,21
DA:596,42
DA:597,42
DA:607,21
DA:608,21
DA:610,42
DA:611,21
DA:612,8
DA:613,21
DA:616,266
DA:617,532
DA:621,491
DA:639,266
DA:644,0
DA:645,0
DA:649,266
DA:660,11
DA:665,0
DA:666,0
DA:667,11
DA:702,1325
DA:713,5
DA:723,262
DA:744,2
DA:756,2
DA:758,2
DA:759,2
DA:760,2
DA:761,2
DA:762,4
DA:763,2
DA:764,2
DA:765,4
DA:766,4
DA:767,4
DA:768,4
DA:782,266
DA:787,266
DA:788,0
DA:789,532
DA:790,266
DA:792,1
DA:794,4
DA:797,3
DA:798,4
DA:803,266
DA:805,266
DA:806,266
DA:807,266
DA:808,5
DA:809,266
DA:810,22
DA:811,266
DA:812,3
DA:813,266
DA:814,6
DA:815,266
DA:816,4
DA:817,266
DA:818,266
DA:829,21
DA:833,42
DA:834,21
DA:855,266
DA:861,0
DA:864,266
DA:865,266
DA:866,266
DA:867,532
DA:869,266
DA:874,266
DA:875,266
DA:876,0
DA:877,0
DA:879,1052
DA:880,518
DA:881,259
DA:882,518
DA:884,259
DA:885,518
DA:886,265
DA:887,6
DA:889,798
DA:890,291
DA:891,266
DA:894,532
DA:895,528
DA:896,266
DA:898,798
DA:899,520
DA:901,266
DA:902,46
DA:904,266
DA:905,520
DA:907,798
DA:909,266
DA:910,3
DA:911,1
DA:912,1
DA:913,2
DA:914,1
DA:915,2
DA:918,792
DA:919,260
DA:920,260
DA:921,482
DA:924,520
DA:925,4
DA:926,8
DA:927,12
DA:928,16
DA:934,520
DA:935,260
DA:936,306
DA:937,260
DA:941,12
DA:942,36
DA:943,12
DA:944,12
DA:945,4
DA:946,36
DA:949,260
DA:950,46
DA:952,266
DA:953,520
DA:955,266
DA:956,532
DA:958,532
DA:960,266
DA:961,266
DA:962,19
DA:963,19
DA:964,19
DA:965,54
DA:968,291
DA:969,21
DA:970,16
DA:971,45
DA:972,26
DA:975,63
DA:976,21
DA:977,0
DA:978,21
DA:979,63
DA:980,42
DA:981,42
DA:983,63
DA:987,42
DA:988,16
DA:990,36
DA:991,24
DA:992,36
DA:993,24
DA:999,24
DA:1000,4
DA:1004,266
DA:1043,11
DA:1045,0
DA:1046,0
DA:1047,0
DA:1048,11
DA:1061,17
DA:1069,0
DA:1070,0
DA:1071,0
DA:1072,17
DA:1086,2
DA:1088,2
DA:1089,4
DA:1093,15
DA:1095,30
DA:1097,15
DA:1102,11
DA:1105,15
DA:1108,13
DA:1109,1
DA:1110,12
DA:1112,6
DA:1117,37
DA:1125,37
DA:1135,2
DA:1143,2
DA:1153,2
DA:1155,2
DA:1156,2
DA:1157,2
DA:1159,4
DA:1173,30
DA:1175,30
DA:1176,6
DA:1178,85
DA:1188,34
DA:1195,0
DA:1196,0
DA:1197,34
DA:1214,2
DA:1223,0
DA:1224,0
DA:1225,2
DA:1236,28
DA:1237,55
DA:1247,17
DA:1253,0
DA:1254,0
DA:1255,17
DA:1265,10
DA:1266,20
DA:1280,5
DA:1286,0
DA:1287,0
DA:1288,5
DA:1298,4
DA:1300,4
DA:1301,2
DA:1302,17
DA:1305,4
DA:1307,4
DA:1308,0
DA:1309,20
DA:1356,136
DA:1363,0
DA:1364,0
DA:1365,0
DA:1366,136
DA:1374,2
DA:1376,2
DA:1377,2
DA:1378,4
DA:1379,2
DA:1380,4
DA:1397,33
DA:1399,66
DA:1400,30
DA:1401,30
DA:1402,14
DA:1403,6
DA:1404,5
DA:1406,4
DA:1409,33
DA:1411,201
DA:1418,32
DA:1421,136
DA:1423,272
DA:1424,32
DA:1427,270
DA:1428,130
DA:1431,32
DA:1451,9
DA:1458,0
DA:1459,0
DA:1460,0
DA:1461,9
DA:1472,6
DA:1474,6
DA:1475,4
DA:1477,10
DA:1478,4
DA:1480,5
DA:1483,9
DA:1486,16
DA:1496,8
DA:1498,13
DA:1500,8
DA:1503,1
DA:1505,1
DA:1506,1
DA:1507,6
DA:1526,251
DA:1529,0
DA:1530,251
DA:1537,242
DA:1539,242
DA:1540,8
DA:1541,484
DA:1570,216
DA:1575,0
DA:1576,0
DA:1577,0
DA:1578,216
DA:1592,17
DA:1596,0
DA:1597,0
DA:1598,17
DA:1599,17
DA:1613,3
DA:1615,3
DA:1616,3
DA:1617,3
DA:1619,1
DA:1620,1
DA:1622,1
DA:1625,6
DA:1627,20
DA:1634,6
DA:1637,216
DA:1639,216
DA:1640,215
DA:1643,19
DA:1647,6
DA:1650,1
DA:1652,1
DA:1653,1
DA:1654,2
DA:1683,266
DA:1696,0
DA:1697,0
DA:1698,0
DA:1699,0
DA:1706,266
DA:1725,2
DA:1738,0
DA:1739,0
DA:1740,3
DA:1741,0
DA:1742,0
DA:1743,0
DA:1750,2
DA:1759,2
DA:1761,2
DA:1762,4
DA:1763,6
DA:1764,2
DA:1765,2
DA:1766,2
DA:1767,4
DA:1768,2
DA:1769,4
DA:1770,4
DA:1771,2
DA:1772,3
DA:1773,6
DA:1774,4
DA:1775,6
DA:1776,2
DA:1777,0
DA:1794,170
DA:1795,170
DA:1799,402
DA:1802,262
DA:1804,262
DA:1805,402
DA:1807,262
DA:1808,6
DA:1810,290
DA:1811,40
DA:1813,262
DA:1814,262
DA:1815,0
DA:1816,262
DA:1824,262
DA:1825,0
DA:1826,294
DA:1858,2
DA:1870,266
DA:1872,266
DA:1873,266
DA:1885,266
DA:1886,266
DA:1887,266
DA:1890,266
DA:1891,266
DA:1894,2
DA:1895,2
DA:1897,4
DA:1899,2
DA:1900,2
DA:1923,265
DA:1925,530
DA:1926,25
DA:1928,265
DA:1931,489
DA:1935,1319
DA:1938,261
DA:1943,262
DA:1944,262
DA:1946,262
DA:1947,262
DA:1956,264
DA:1960,0
DA:1961,264
DA:1971,264
DA:1972,264
DA:1973,528
DA:1974,792
DA:1976,264
DA:1979,264
DA:1980,318
DA:1983,264
DA:1984,528
DA:1986,264
DA:1987,528
DA:1989,214
DA:1994,264
DA:1996,528
DA:2002,182
DA:2006,182
DA:2012,182
DA:2014,182
DA:2015,364
DA:2022,259
DA:2023,1036
DA:2035,1036
DA:2054,242
DA:2055,242
DA:2056,242
DA:2057,968
DA:2058,484
DA:2065,265
DA:2066,530
DA:2109,491
DA:2117,420
DA:2119,222
DA:2121,444
DA:2133,214
DA:2134,214
DA:2343,228
DA:2365,491
DA:2384,0
DA:2388,0
DA:2389,0
DA:2390,0
DA:2391,0
DA:2392,0
DA:2393,0
DA:2394,0
DA:2396,0
DA:2417,6
DA:2422,12
DA:2425,0
DA:2426,0
DA:2428,32
DA:2430,32
DA:2454,18
DA:2466,0
DA:2468,147
DA:2470,294
DA:2473,3
DA:2478,3
DA:2479,6
DA:2480,3
DA:2481,3
DA:2482,3
DA:2483,3
DA:2484,15
DA:2486,3
DA:2489,21
DA:2495,42
DA:2498,153
DA:2499,153
DA:2501,170
DA:2503,170
DA:2510,148
DA:2513,150
end_of_record
SF:lib/src/cupertino/page_scaffold.dart
DA:21,4
DA:27,0
DA:28,0
DA:29,4
DA:63,4
DA:65,4
DA:67,4
DA:68,4
DA:69,4
DA:74,24
DA:77,4
DA:78,8
DA:84,8
DA:85,1
DA:86,1
DA:87,1
DA:90,4
DA:91,4
DA:92,8
DA:96,4
DA:97,4
DA:98,4
DA:105,4
DA:107,4
DA:108,8
DA:112,4
DA:116,4
DA:117,8
DA:118,4
end_of_record
SF:lib/src/cupertino/picker.dart
DA:48,2
DA:60,0
DA:61,0
DA:62,2
DA:63,2
DA:64,0
DA:65,2
DA:67,1
DA:68,2
DA:69,2
DA:88,1
DA:100,0
DA:101,0
DA:102,1
DA:103,1
DA:104,0
DA:105,1
DA:106,1
DA:107,1
DA:158,2
DA:159,2
DA:165,2
DA:168,4
DA:169,2
DA:170,1
DA:171,1
DA:174,4
DA:175,4
DA:180,2
DA:181,2
DA:182,2
DA:183,2
DA:210,2
DA:211,6
DA:212,10
DA:215,2
DA:216,2
DA:217,2
DA:218,2
DA:219,2
DA:223,2
DA:230,2
DA:231,10
DA:234,2
DA:235,2
DA:244,2
DA:246,2
DA:247,2
DA:248,2
DA:249,2
DA:250,4
DA:252,4
DA:254,4
DA:255,4
DA:256,4
DA:257,4
DA:258,2
DA:259,4
DA:262,2
DA:263,2
DA:266,4
DA:267,2
DA:268,2
DA:269,4
end_of_record
SF:lib/src/cupertino/refresh.dart
DA:17,1
DA:22,0
DA:23,1
DA:24,0
DA:25,1
DA:35,1
DA:37,1
DA:38,1
DA:39,1
DA:43,1
DA:46,2
DA:47,2
DA:59,1
DA:63,0
DA:64,1
DA:65,0
DA:68,1
DA:73,0
DA:75,1
DA:76,0
DA:77,1
DA:78,2
DA:80,0
DA:81,0
DA:87,0
DA:89,1
DA:90,0
DA:91,2
DA:93,1
DA:94,1
DA:103,1
DA:106,3
DA:107,3
DA:111,3
DA:115,2
DA:116,2
DA:117,2
DA:119,1
DA:127,4
DA:129,6
DA:133,2
DA:134,2
DA:138,1
DA:143,2
DA:145,4
DA:146,491
DA:151,497
DA:154,491
DA:155,497
DA:158,494
DA:162,1
DA:166,1
DA:168,3
DA:169,7
DA:170,2
DA:176,1
DA:184,491
DA:279,1
DA:285,0
DA:286,1
DA:287,0
DA:288,1
DA:290,1
DA:294,1
DA:344,1
DA:347,1
DA:348,1
DA:355,0
DA:362,0
DA:364,0
DA:366,0
DA:367,0
DA:368,0
DA:369,491
DA:377,0
DA:378,0
DA:379,491
DA:387,1
DA:388,1
DA:410,1
DA:412,1
DA:413,1
DA:418,1
DA:421,1
DA:425,3
DA:426,3
DA:428,3
DA:429,3
DA:434,1
DA:435,1
DA:436,2
DA:443,1
DA:444,2
DA:446,4
DA:449,2
DA:450,1
DA:454,3
DA:455,5
DA:456,1
DA:457,3
DA:462,2
DA:465,3
DA:473,1
DA:474,3
DA:475,1
DA:479,4
DA:486,1
DA:487,1
DA:490,1
DA:494,1
DA:499,2
DA:500,3
DA:511,1
DA:513,1
DA:514,2
DA:515,1
DA:518,1
DA:519,1
DA:520,2
DA:521,2
DA:522,4
DA:523,2
DA:525,1
DA:526,1
DA:527,2
DA:528,2
DA:531,1
end_of_record
SF:lib/src/cupertino/route.dart
DA:89,11
DA:95,0
DA:96,0
DA:97,0
DA:98,11
DA:100,11
DA:129,4
DA:131,4
DA:134,4
DA:137,7
DA:139,7
DA:140,7
DA:142,7
DA:143,14
DA:145,2
DA:147,7
DA:153,11
DA:156,11
DA:159,11
DA:162,7
DA:164,7
DA:167,9
DA:170,16
DA:173,11
DA:175,22
DA:176,11
DA:185,267
DA:196,0
DA:207,0
DA:209,4
DA:212,4
DA:216,3
DA:220,3
DA:223,3
DA:226,9
DA:229,6
DA:236,11
DA:238,11
DA:241,11
DA:243,11
DA:245,0
DA:246,0
DA:251,11
DA:258,3
DA:259,6
DA:260,3
DA:261,6
DA:264,3
DA:265,3
DA:266,3
DA:267,2
DA:268,2
DA:270,4
DA:290,29
DA:297,29
DA:298,5
DA:303,29
DA:308,58
DA:309,29
DA:310,8
DA:311,6
DA:318,11
DA:320,11
DA:323,11
DA:324,44
DA:340,29
DA:346,0
DA:348,29
DA:353,58
DA:354,29
DA:358,58
DA:359,29
DA:362,58
DA:363,29
DA:374,29
DA:376,29
DA:377,29
DA:378,29
DA:379,29
DA:382,29
DA:383,29
DA:385,29
DA:386,29
DA:387,29
DA:400,5
DA:405,10
DA:406,10
DA:407,5
DA:414,5
DA:416,5
DA:417,5
DA:418,5
DA:435,29
DA:440,0
DA:441,0
DA:442,0
DA:443,29
DA:451,29
DA:452,29
DA:460,29
DA:462,29
DA:463,58
DA:464,58
DA:465,58
DA:466,58
DA:467,58
DA:470,29
DA:472,58
DA:473,29
DA:476,3
DA:477,3
DA:478,3
DA:479,9
DA:482,3
DA:483,3
DA:484,3
DA:485,24
DA:488,2
DA:489,2
DA:490,2
DA:491,20
DA:492,2
DA:495,0
DA:496,0
DA:499,0
DA:500,0
DA:503,4
DA:504,8
DA:505,6
DA:508,3
DA:509,6
DA:510,3
DA:511,1
DA:512,3
DA:518,29
DA:520,29
DA:521,29
DA:523,29
DA:524,58
DA:525,29
DA:530,29
DA:531,29
DA:556,3
DA:560,0
DA:561,0
DA:562,0
DA:563,6
DA:579,3
DA:580,9
DA:585,2
DA:589,4
DA:590,0
DA:591,6
DA:592,4
DA:594,0
DA:596,4
DA:597,6
DA:598,6
DA:601,2
DA:602,6
DA:605,2
DA:606,2
DA:607,6
DA:608,2
DA:609,2
DA:610,4
DA:611,2
DA:614,2
DA:615,2
DA:616,0
DA:617,4
DA:631,29
DA:660,7
DA:665,0
DA:668,7
DA:669,21
DA:673,7
DA:675,7
DA:676,0
DA:677,7
DA:680,0
DA:682,0
DA:683,0
DA:684,0
DA:687,29
DA:689,29
DA:692,20
DA:694,60
DA:697,60
DA:700,0
DA:701,0
DA:703,0
DA:705,0
DA:706,0
DA:712,29
DA:715,0
DA:716,29
DA:720,29
DA:722,58
DA:727,29
DA:728,0
DA:731,29
DA:732,2
DA:734,29
DA:735,87
DA:738,87
DA:739,29
DA:740,58
DA:742,29
DA:747,1
DA:751,1
DA:758,1
DA:761,1
DA:764,1
DA:767,1
DA:774,1
DA:776,1
DA:777,2
DA:778,1
DA:780,1
DA:782,2
DA:786,1
DA:789,1
DA:791,1
DA:794,1
DA:796,1
DA:798,1
DA:799,3
DA:830,1
DA:834,2
DA:835,1
DA:845,1
DA:846,1
DA:850,2
DA:851,1
DA:856,1
DA:858,1
DA:860,2
DA:894,1
DA:898,0
DA:899,1
DA:904,1
DA:905,1
end_of_record
SF:lib/src/cupertino/scrollbar.dart
DA:39,5
DA:42,5
DA:50,5
DA:51,5
DA:62,5
DA:64,5
DA:65,10
DA:69,10
DA:70,5
DA:75,5
DA:77,5
DA:78,15
DA:79,10
DA:83,5
DA:84,5
DA:86,5
DA:88,5
DA:97,5
DA:98,5
DA:99,5
DA:101,15
DA:102,10
DA:105,7
DA:106,25
DA:107,5
DA:110,5
DA:111,8
DA:112,4
DA:113,2
DA:119,5
DA:121,10
DA:122,7
DA:123,10
DA:124,5
DA:127,5
DA:129,5
DA:130,5
DA:131,5
DA:132,5
DA:133,5
DA:134,5
DA:135,10
end_of_record
SF:lib/src/cupertino/segmented_control.dart
DA:83,2
DA:92,1
DA:93,5
DA:94,1
DA:95,9
DA:97,1
DA:98,0
DA:99,0
DA:100,0
DA:101,2
DA:197,2
DA:198,2
DA:212,2
DA:214,2
DA:215,4
DA:216,4
DA:217,4
DA:219,4
DA:220,4
DA:221,4
DA:223,4
DA:224,4
DA:225,4
DA:228,8
DA:229,2
DA:230,6
DA:231,6
DA:232,2
DA:234,6
DA:236,4
DA:240,2
DA:241,2
DA:244,4
DA:245,4
DA:251,2
DA:253,4
DA:254,2
DA:256,2
DA:259,1
DA:260,4
DA:261,2
DA:262,1
DA:267,1
DA:268,2
DA:269,1
DA:273,1
DA:274,5
DA:275,1
DA:276,1
DA:280,2
DA:281,6
DA:282,4
DA:283,6
DA:284,4
DA:285,4
DA:288,2
DA:289,6
DA:290,5
DA:291,6
DA:292,4
DA:293,4
DA:294,2
DA:295,4
DA:298,1
DA:299,6
DA:300,0
DA:301,0
DA:303,7
DA:304,3
DA:305,3
DA:310,1
DA:312,1
DA:314,6
DA:315,1
DA:318,4
DA:320,4
DA:321,3
DA:322,3
DA:323,3
DA:325,3
DA:326,3
DA:328,1
DA:333,2
DA:335,2
DA:336,2
DA:340,8
DA:341,6
DA:342,4
DA:344,6
DA:345,2
DA:347,2
DA:348,2
DA:351,2
DA:352,6
DA:355,2
DA:356,1
DA:357,1
DA:359,2
DA:360,1
DA:361,1
DA:363,2
DA:365,2
DA:367,2
DA:370,6
DA:377,4
DA:378,2
DA:379,2
DA:382,2
DA:387,4
DA:390,2
DA:391,4
DA:392,2
DA:401,2
DA:408,2
DA:418,2
DA:420,2
DA:421,2
DA:422,2
DA:423,2
DA:424,2
DA:425,2
DA:429,1
DA:432,2
DA:433,2
DA:434,2
DA:435,2
DA:436,2
DA:449,2
DA:456,0
DA:462,2
DA:465,2
DA:467,1
DA:468,2
DA:471,1
DA:472,1
DA:475,0
DA:477,1
DA:478,2
DA:481,1
DA:482,1
DA:485,4
DA:487,1
DA:488,2
DA:491,0
DA:492,0
DA:495,4
DA:497,1
DA:498,2
DA:501,1
DA:502,1
DA:505,4
DA:507,1
DA:508,2
DA:511,0
DA:512,0
DA:515,2
DA:517,2
DA:520,2
DA:521,2
DA:522,491
DA:523,2
DA:525,4
DA:528,2
DA:530,2
DA:533,2
DA:534,2
DA:535,491
DA:536,2
DA:538,4
DA:541,2
DA:543,2
DA:546,2
DA:547,2
DA:548,491
DA:549,2
DA:554,2
DA:556,2
DA:559,2
DA:560,2
DA:561,491
DA:562,2
DA:567,0
DA:569,0
DA:572,2
DA:574,4
DA:575,4
DA:579,2
DA:583,2
DA:584,2
DA:585,2
DA:586,10
DA:588,2
DA:589,2
DA:591,2
DA:592,2
DA:595,1
DA:597,2
DA:598,6
DA:599,2
DA:603,2
DA:607,8
DA:608,4
DA:609,493
DA:611,499
DA:613,2
DA:615,2
DA:616,491
DA:617,2
DA:620,4
DA:622,2
DA:627,2
DA:629,2
DA:630,2
DA:633,2
DA:634,2
DA:635,1
DA:636,1
DA:637,1
DA:638,1
DA:641,2
DA:642,2
DA:643,2
DA:644,2
DA:645,2
DA:650,12
DA:653,2
DA:655,2
DA:658,2
DA:659,2
DA:660,2
DA:664,2
DA:665,0
DA:667,2
DA:669,4
DA:670,4
DA:671,2
DA:672,6
DA:673,2
DA:675,4
DA:676,4
DA:677,2
DA:678,4
DA:679,2
DA:680,2
DA:683,6
DA:686,1
DA:688,0
DA:689,1
DA:691,1
DA:692,2
DA:693,4
DA:695,1
end_of_record
SF:lib/src/cupertino/slider.dart
DA:51,1
DA:61,0
DA:62,0
DA:63,0
DA:64,2
DA:65,0
DA:66,1
DA:192,1
DA:193,1
DA:195,0
DA:197,0
DA:198,0
DA:199,0
DA:200,0
DA:205,1
DA:206,2
DA:207,5
DA:208,3
DA:209,2
DA:213,1
DA:214,2
DA:215,7
DA:218,1
DA:219,2
DA:220,7
DA:223,1
DA:225,1
DA:226,11
DA:227,2
DA:228,2
DA:229,3
DA:230,3
DA:231,3
DA:238,1
DA:247,1
DA:257,1
DA:259,1
DA:260,1
DA:261,1
DA:262,1
DA:263,1
DA:264,1
DA:265,1
DA:266,1
DA:267,1
DA:271,1
DA:274,2
DA:275,2
DA:276,2
DA:277,2
DA:278,2
DA:279,2
DA:280,2
DA:295,1
DA:304,2
DA:305,0
DA:311,1
DA:312,2
DA:313,2
DA:314,2
DA:315,2
DA:316,2
DA:320,2
DA:323,2
DA:325,1
DA:326,2
DA:327,2
DA:329,1
DA:330,1
DA:331,0
DA:333,2
DA:334,1
DA:337,2
DA:339,1
DA:340,2
DA:342,0
DA:343,0
DA:346,0
DA:348,1
DA:349,2
DA:351,0
DA:352,0
DA:355,2
DA:357,1
DA:358,2
DA:360,1
DA:361,1
DA:362,2
DA:363,1
DA:369,2
DA:371,1
DA:372,0
DA:373,2
DA:375,0
DA:376,0
DA:384,1
DA:385,2
DA:386,1
DA:387,0
DA:391,1
DA:392,4
DA:393,1
DA:395,1
DA:396,1
DA:397,2
DA:399,1
DA:400,1
DA:403,5
DA:406,2
DA:408,3
DA:410,1
DA:411,1
DA:412,496
DA:413,2
DA:414,1
DA:415,1
DA:416,2
DA:418,1
DA:419,2
DA:422,2
DA:426,2
DA:428,1
DA:429,1
DA:430,1
DA:431,2
DA:433,2
DA:434,2
DA:438,1
DA:439,1
DA:440,2
DA:442,1
DA:445,1
DA:447,6
DA:450,1
DA:452,1
DA:453,2
DA:454,2
DA:459,1
DA:464,1
DA:465,1
DA:466,3
DA:467,1
DA:470,1
DA:471,2
DA:473,1
DA:477,5
DA:478,3
DA:479,1
DA:480,1
DA:481,3
DA:482,3
DA:484,1
DA:485,1
DA:487,1
DA:488,1
DA:489,2
DA:492,1
DA:493,1
DA:494,2
DA:497,1
DA:498,3
DA:501,1
DA:503,1
DA:505,2
DA:506,1
DA:507,2
DA:508,2
DA:509,2
DA:510,5
DA:511,8
DA:512,8
DA:516,2
DA:518,0
DA:519,0
DA:520,0
DA:523,0
DA:524,0
DA:525,0
end_of_record
SF:lib/src/cupertino/switch.dart
DA:50,2
DA:55,2
DA:89,2
DA:90,2
DA:92,0
DA:94,0
DA:95,0
DA:96,0
DA:101,2
DA:103,2
DA:104,4
DA:105,4
DA:106,4
DA:113,2
DA:119,2
DA:126,2
DA:128,2
DA:129,2
DA:130,2
DA:131,2
DA:132,2
DA:133,2
DA:137,2
DA:140,4
DA:141,4
DA:142,4
DA:143,4
DA:144,4
DA:162,2
DA:168,0
DA:169,0
DA:170,0
DA:176,2
DA:177,4
DA:178,4
DA:179,4
DA:180,4
DA:181,4
DA:182,4
DA:183,4
DA:184,4
DA:185,4
DA:186,4
DA:191,4
DA:192,2
DA:194,4
DA:195,4
DA:196,4
DA:200,4
DA:201,2
DA:203,4
DA:212,4
DA:214,2
DA:215,0
DA:216,4
DA:218,2
DA:219,2
DA:220,2
DA:221,2
DA:222,4
DA:224,4
DA:226,0
DA:229,0
DA:231,2
DA:232,0
DA:233,4
DA:235,0
DA:236,0
DA:237,0
DA:240,2
DA:242,2
DA:243,0
DA:244,4
DA:246,0
DA:247,0
DA:250,4
DA:252,2
DA:253,4
DA:255,2
DA:256,2
DA:257,4
DA:258,0
DA:259,0
DA:263,4
DA:265,2
DA:266,0
DA:267,4
DA:269,0
DA:270,0
DA:273,4
DA:278,2
DA:280,2
DA:281,2
DA:282,2
DA:284,4
DA:285,2
DA:286,4
DA:287,2
DA:288,0
DA:290,2
DA:291,0
DA:293,2
DA:294,0
DA:301,2
DA:303,4
DA:304,4
DA:305,2
DA:308,2
DA:309,2
DA:310,3
DA:311,1
DA:312,3
DA:313,1
DA:317,2
DA:318,2
DA:319,4
DA:322,2
DA:323,2
DA:324,4
DA:327,2
DA:328,2
DA:329,4
DA:332,1
DA:333,1
DA:334,2
DA:337,1
DA:338,1
DA:339,2
DA:342,1
DA:343,1
DA:344,1
DA:345,1
DA:346,1
DA:347,2
DA:348,1
DA:349,1
DA:350,3
DA:352,1
DA:353,3
DA:359,1
DA:360,3
DA:361,2
DA:363,2
DA:364,2
DA:367,2
DA:370,2
DA:372,2
DA:373,4
DA:374,4
DA:375,4
DA:379,2
DA:381,2
DA:383,2
DA:384,4
DA:386,4
DA:387,4
DA:392,2
DA:394,2
DA:396,4
DA:397,4
DA:400,2
DA:401,2
DA:402,1
DA:404,2
DA:409,3
DA:410,497
DA:412,2
DA:413,2
DA:415,2
DA:416,12
DA:417,12
DA:421,2
DA:422,4
DA:423,2
DA:425,2
DA:426,2
DA:427,6
DA:428,8
DA:431,2
DA:432,8
DA:433,6
DA:436,10
DA:438,6
DA:440,2
DA:442,2
DA:446,0
DA:448,0
DA:449,0
DA:450,0
end_of_record
SF:lib/src/cupertino/tab_scaffold.dart
DA:94,3
DA:98,0
DA:99,0
DA:100,3
DA:139,3
DA:140,3
DA:146,3
DA:148,3
DA:149,12
DA:152,2
DA:154,2
DA:155,12
DA:156,4
DA:160,3
DA:162,3
DA:164,3
DA:165,3
DA:166,12
DA:167,6
DA:170,6
DA:171,3
DA:175,12
DA:176,9
DA:181,9
DA:182,2
DA:183,2
DA:187,2
DA:188,2
DA:189,4
DA:199,3
DA:201,6
DA:202,6
DA:207,9
DA:208,3
DA:209,2
DA:210,4
DA:211,2
DA:214,6
DA:215,3
DA:221,3
DA:230,3
DA:234,0
DA:235,3
DA:236,0
DA:242,3
DA:243,3
DA:250,3
DA:252,3
DA:253,12
DA:254,6
DA:255,6
DA:256,6
DA:260,3
DA:262,3
DA:263,3
DA:266,3
DA:268,3
DA:269,3
DA:272,3
DA:273,21
DA:276,3
DA:278,6
DA:279,3
DA:281,3
DA:284,3
DA:286,3
DA:288,12
DA:289,9
DA:291,6
DA:292,12
DA:295,3
DA:297,3
DA:299,3
DA:300,6
DA:301,9
end_of_record
SF:lib/src/cupertino/tab_view.dart
DA:43,2
DA:51,0
DA:52,2
DA:105,2
DA:107,2
DA:115,2
DA:117,2
DA:118,4
DA:119,2
DA:122,1
DA:124,1
DA:125,1
DA:128,2
DA:129,4
DA:130,4
DA:131,4
DA:134,2
DA:136,2
DA:137,2
DA:138,2
DA:139,2
DA:143,2
DA:144,2
DA:147,6
DA:148,4
DA:149,4
DA:151,2
DA:152,3
DA:154,2
DA:160,2
DA:161,2
DA:165,1
DA:166,1
DA:167,2
DA:168,0
DA:169,0
DA:181,1
DA:182,2
DA:183,1
DA:185,1
DA:187,1
DA:193,1
end_of_record
SF:lib/src/cupertino/text_selection.dart
DA:41,0
DA:43,0
DA:44,0
DA:45,0
DA:46,0
DA:47,0
DA:48,0
DA:49,0
DA:50,0
DA:51,0
DA:54,0
DA:60,0
DA:66,0
DA:73,0
DA:75,0
DA:77,0
DA:78,0
DA:80,0
DA:81,0
DA:83,0
DA:84,0
DA:85,0
DA:86,0
DA:89,0
DA:90,0
DA:91,0
DA:92,0
DA:95,0
DA:96,0
DA:97,0
DA:98,0
DA:101,0
DA:103,0
DA:104,0
DA:108,0
DA:110,0
DA:111,0
DA:113,0
DA:117,0
DA:129,0
DA:130,0
DA:131,0
DA:145,0
DA:158,0
DA:160,0
DA:163,0
DA:165,0
DA:167,0
DA:168,0
DA:170,0
DA:172,0
DA:173,0
DA:175,0
DA:177,0
DA:178,0
DA:180,0
DA:183,0
DA:185,0
DA:186,0
DA:187,0
DA:197,0
DA:201,0
DA:203,0
DA:204,0
DA:205,0
DA:207,0
DA:209,0
DA:210,0
DA:211,0
DA:213,0
DA:219,0
DA:220,0
DA:228,0
DA:230,0
DA:231,0
DA:232,0
DA:233,0
DA:234,0
DA:235,0
DA:239,0
DA:240,0
DA:241,0
DA:242,0
DA:243,0
DA:250,0
DA:254,0
DA:255,0
DA:256,0
DA:259,0
DA:261,0
DA:262,0
DA:268,0
DA:277,0
DA:278,0
DA:279,0
DA:280,0
DA:283,0
DA:284,0
DA:285,0
DA:286,0
DA:287,0
DA:292,0
DA:293,0
DA:295,0
end_of_record
SF:lib/src/cupertino/thumb_painter.dart
DA:14,3
DA:17,3
DA:20,3
DA:41,3
DA:42,3
DA:44,9
DA:47,6
DA:48,9
DA:49,12
end_of_record
SF:lib/src/foundation/annotations.dart
DA:38,0
DA:72,0
DA:108,0
end_of_record
SF:lib/src/foundation/assertions.dart
DA:28,38
DA:111,2
DA:113,4
DA:118,2
DA:119,2
DA:120,2
DA:121,3
DA:122,1
DA:123,4
DA:124,1
DA:125,3
DA:126,4
DA:131,4
DA:132,2
DA:133,6
DA:134,2
DA:136,3
DA:138,2
DA:139,2
DA:144,1
DA:146,1
DA:147,3
DA:148,3
DA:149,3
DA:150,3
DA:151,1
DA:153,0
DA:155,3
DA:156,3
DA:157,1
DA:159,0
DA:161,2
DA:162,1
DA:163,1
DA:164,1
DA:165,0
DA:166,0
DA:167,0
DA:169,0
DA:171,0
DA:173,2
DA:188,76
DA:205,19
DA:206,19
DA:208,19
DA:209,19
DA:231,6
DA:253,2
DA:254,0
DA:255,2
DA:256,4
DA:257,2
DA:261,2
DA:264,2
DA:265,6
DA:266,2
DA:267,14
DA:268,8
DA:269,4
DA:270,0
DA:271,4
DA:272,0
DA:275,4
DA:277,4
DA:279,2
DA:280,3
DA:282,0
DA:287,6
DA:288,2
DA:289,2
DA:290,2
DA:291,6
DA:293,10
DA:294,6
DA:297,2
DA:298,2
DA:300,1
DA:301,1
DA:302,2
DA:303,0
DA:305,0
DA:306,0
DA:307,0
DA:313,2
DA:316,2
DA:317,2
DA:320,2
DA:321,4
DA:322,2
DA:323,0
DA:325,2
DA:327,2
DA:328,4
DA:330,2
DA:331,2
DA:332,2
DA:333,10
DA:335,4
DA:337,7
DA:339,2
DA:353,17
DA:364,17
DA:365,17
DA:366,17
DA:367,17
DA:368,17
DA:369,17
DA:371,34
DA:372,34
DA:373,34
DA:374,34
DA:375,48
DA:377,51
DA:381,34
DA:382,36
DA:386,17
DA:388,34
DA:389,0
DA:390,34
DA:391,51
DA:392,34
DA:393,80
DA:394,34
DA:395,48
DA:397,20
DA:404,36
DA:405,0
DA:406,36
DA:407,36
DA:408,72
DA:421,1
DA:423,2
DA:424,4
DA:426,1
DA:427,4
end_of_record
SF:lib/src/foundation/basic_types.dart
DA:83,1
DA:84,1
DA:93,1
DA:94,1
DA:105,1
DA:106,3
DA:107,5
DA:114,1
DA:115,3
DA:117,5
DA:119,6
DA:126,1
DA:127,1
DA:190,255
DA:195,255
DA:197,255
DA:200,31
DA:202,93
DA:205,254
DA:207,762
DA:210,30
DA:212,90
DA:215,1
DA:217,3
DA:220,1
DA:222,3
DA:225,2
DA:227,6
DA:230,1
DA:232,3
DA:235,35
DA:237,35
DA:238,70
DA:241,19
DA:243,19
DA:244,38
DA:247,51
DA:248,51
DA:251,255
DA:252,510
DA:254,1020
DA:260,255
DA:265,255
DA:267,510
DA:268,1785
DA:270,1020
DA:273,255
DA:275,1275
DA:277,510
DA:278,1275
DA:279,510
end_of_record
SF:lib/src/foundation/binding.dart
DA:49,391
DA:50,391
DA:52,0
DA:53,391
DA:54,0
DA:56,0
DA:57,391
DA:58,0
DA:60,782
DA:62,391
DA:76,391
DA:79,0
DA:80,782
DA:103,391
DA:106,0
DA:107,391
DA:109,391
DA:111,391
DA:115,391
DA:117,2
DA:119,391
DA:120,391
DA:122,1
DA:123,1
DA:124,1
DA:125,1
DA:128,1
DA:131,1
DA:138,2
DA:140,1
DA:141,1
DA:142,1
DA:143,3
DA:148,391
DA:149,782
DA:158,150
DA:159,300
DA:171,7
DA:173,7
DA:175,0
DA:176,14
DA:177,7
DA:178,0
DA:179,13
DA:180,12
DA:181,6
DA:182,6
DA:183,6
DA:192,6
DA:195,6
DA:216,5
DA:217,10
DA:230,5
DA:233,5
DA:234,5
DA:242,391
DA:247,0
DA:248,0
DA:249,391
DA:251,1
DA:252,2
DA:253,1
DA:270,377
DA:276,0
DA:277,0
DA:278,0
DA:279,377
DA:281,1
DA:282,1
DA:283,4
DA:284,3
DA:300,379
DA:306,0
DA:307,0
DA:308,0
DA:309,379
DA:311,1
DA:312,1
DA:313,4
DA:314,4
DA:329,379
DA:335,0
DA:336,0
DA:337,0
DA:338,379
DA:340,1
DA:341,1
DA:342,3
DA:343,3
DA:358,390
DA:363,0
DA:364,0
DA:365,390
DA:366,390
DA:367,0
DA:368,0
DA:370,0
DA:372,0
DA:384,0
DA:385,0
DA:392,0
DA:398,0
DA:399,0
DA:400,0
DA:402,0
DA:406,0
DA:407,0
DA:409,0
DA:410,0
DA:411,0
DA:419,1
DA:420,2
DA:424,0
DA:425,0
end_of_record
SF:lib/src/foundation/change_notifier.dart
DA:16,278
DA:58,234
DA:59,234
DA:60,234
DA:61,1
DA:62,1
DA:63,1
DA:67,234
DA:86,2
DA:88,2
DA:89,4
DA:95,194
DA:97,194
DA:98,388
DA:120,193
DA:122,193
DA:123,386
DA:132,195
DA:134,195
DA:135,195
DA:153,199
DA:155,199
DA:156,199
DA:157,398
DA:158,331
DA:160,264
DA:161,132
DA:163,2
DA:167,2
DA:168,0
DA:169,0
DA:170,0
DA:180,176
DA:181,176
DA:182,352
DA:187,1
DA:189,1
DA:190,2
DA:191,1
DA:194,1
DA:196,3
DA:205,131
DA:210,23
DA:211,23
DA:213,128
DA:214,256
DA:216,86
DA:217,86
DA:220,1
DA:221,3
end_of_record
SF:lib/src/foundation/collections.dart
DA:16,127
DA:19,267
DA:21,153
DA:22,74
DA:37,16
DA:40,9
DA:42,9
DA:43,9
end_of_record
SF:lib/src/foundation/consolidate_response.dart
DA:12,2
DA:16,2
DA:17,2
DA:19,3
DA:20,1
DA:21,2
DA:22,1
DA:23,1
DA:25,2
DA:26,3
DA:27,2
DA:29,1
DA:30,2
DA:32,2
end_of_record
SF:lib/src/foundation/debug.dart
DA:24,335
DA:25,335
DA:26,670
DA:28,0
DA:30,335
DA:52,1
DA:54,2
DA:56,2
DA:57,3
DA:58,1
DA:59,4
DA:62,0
end_of_record
SF:lib/src/foundation/isolates.dart
DA:47,0
DA:48,0
DA:49,0
DA:50,0
DA:51,0
DA:52,0
DA:53,0
DA:55,0
DA:58,0
DA:60,0
DA:63,0
DA:65,0
DA:66,0
DA:67,0
DA:68,0
DA:69,0
DA:75,0
DA:88,0
DA:91,0
DA:93,0
DA:94,0
DA:95,0
DA:96,0
DA:98,0
DA:100,0
DA:101,0
DA:102,0
DA:103,0
end_of_record
SF:lib/src/foundation/key.dart
DA:30,335
DA:42,670
DA:59,148
DA:64,105
DA:66,315
DA:69,294
DA:72,74
DA:73,222
DA:75,9
DA:77,27
DA:80,36
DA:81,9
DA:82,0
DA:86,9
end_of_record
SF:lib/src/foundation/licenses.dart
DA:15,2
DA:45,2
DA:56,491
DA:119,2
DA:140,2
DA:147,2
DA:149,2
DA:150,2
DA:151,6
DA:154,2
DA:155,2
DA:156,0
DA:157,4
DA:158,8
DA:159,4
DA:160,2
DA:164,6
DA:166,2
DA:167,2
DA:168,4
DA:169,2
DA:170,1
DA:171,1
DA:174,2
DA:175,0
DA:176,0
DA:179,2
DA:180,2
DA:181,1
DA:182,1
DA:187,1
DA:190,2
DA:197,1
DA:201,3
DA:202,1
DA:208,2
DA:211,2
DA:216,2
DA:217,4
DA:218,2
DA:219,1
DA:222,1
DA:225,2
DA:226,1
DA:227,1
DA:231,1
DA:239,2
DA:242,2
DA:243,1
DA:244,1
DA:247,2
DA:248,2
DA:249,2
DA:282,0
DA:293,45
DA:294,45
DA:295,45
DA:301,2
DA:304,2
DA:305,4
end_of_record
SF:lib/src/foundation/node.dart
DA:47,364
DA:54,371
DA:56,1113
DA:57,1113
DA:58,1113
DA:59,371
DA:67,358
DA:72,764
DA:80,768
DA:90,379
DA:92,0
DA:93,379
DA:94,379
DA:104,357
DA:106,357
DA:107,357
DA:108,1781
DA:112,764
DA:118,371
DA:121,0
DA:122,371
DA:123,371
DA:125,371
DA:126,344
DA:127,371
DA:129,371
DA:130,371
DA:131,371
DA:132,736
DA:133,371
DA:139,358
DA:142,0
DA:143,716
DA:144,1074
DA:145,358
DA:146,358
DA:147,357
end_of_record
SF:lib/src/foundation/observer_list.dart
DA:19,230
DA:20,230
DA:21,460
DA:29,207
DA:30,207
DA:31,414
DA:34,183
DA:36,549
DA:37,362
DA:39,86
DA:40,86
DA:41,258
DA:43,98
DA:44,147
DA:46,86
DA:49,172
DA:52,239
DA:53,478
DA:55,0
DA:56,0
DA:58,2
DA:59,4
end_of_record
SF:lib/src/foundation/platform.dart
DA:12,496
DA:51,351
DA:53,351
DA:55,351
DA:57,351
DA:60,351
DA:61,702
DA:64,351
DA:68,0
DA:70,0
end_of_record
SF:lib/src/foundation/print.dart
DA:33,1
DA:35,6
DA:37,1
DA:43,2
DA:45,12
DA:47,6
DA:50,2
DA:59,2
DA:61,6
DA:62,0
DA:63,0
DA:66,6
DA:67,4
DA:68,4
DA:69,2
DA:71,4
DA:74,1
DA:75,1
DA:77,4
DA:78,1
DA:86,2
DA:89,491
DA:106,14
DA:107,64
DA:111,22
DA:112,44
DA:116,11
DA:122,11
DA:123,44
DA:124,11
DA:128,11
DA:129,44
DA:130,11
DA:133,11
DA:134,44
DA:136,22
DA:142,22
DA:144,11
DA:147,22
DA:150,11
DA:153,16
DA:154,4
DA:159,11
DA:163,22
DA:164,0
end_of_record
SF:lib/src/foundation/profile.dart
DA:14,379
DA:17,379
end_of_record
SF:lib/src/foundation/serialization.dart
DA:17,18
DA:18,36
DA:19,36
DA:20,72
DA:28,18
DA:29,36
DA:33,1
DA:34,3
DA:35,3
DA:39,1
DA:40,3
DA:41,3
DA:45,17
DA:46,51
DA:47,51
DA:51,2
DA:52,6
DA:53,6
DA:57,4
DA:58,4
DA:59,12
DA:60,12
DA:64,17
DA:65,34
DA:69,2
DA:70,2
DA:71,14
DA:75,2
DA:76,2
DA:77,14
DA:81,2
DA:82,2
DA:83,14
DA:86,4
DA:87,12
DA:88,4
DA:89,12
DA:90,8
DA:95,18
DA:96,90
DA:97,18
DA:107,10
DA:108,0
DA:117,45
DA:120,10
DA:121,40
DA:125,0
DA:126,0
DA:127,0
DA:132,0
DA:133,0
DA:134,0
DA:139,10
DA:140,40
DA:141,20
DA:146,2
DA:147,8
DA:148,4
DA:153,4
DA:154,4
DA:155,16
DA:156,8
DA:161,9
DA:162,63
DA:163,18
DA:168,2
DA:169,2
DA:170,14
DA:171,6
DA:176,2
DA:177,2
DA:178,14
DA:179,6
DA:184,2
DA:185,2
DA:186,14
DA:187,6
DA:191,4
DA:192,8
DA:193,4
DA:194,12
end_of_record
SF:lib/src/foundation/synchronous_future.dart
DA:21,124
DA:25,1
DA:27,1
DA:28,2
DA:29,1
DA:30,1
DA:33,11
DA:34,22
DA:36,124
DA:38,248
DA:39,124
DA:41,124
DA:44,1
DA:46,3
DA:49,1
DA:52,1
DA:53,1
DA:54,3
DA:57,1
end_of_record
SF:lib/src/foundation/unicode.dart
DA:14,0
end_of_record
SF:lib/src/gestures/arena.dart
DA:12,491
DA:41,148
DA:51,145
DA:52,580
DA:68,148
DA:69,148
DA:70,296
DA:73,0
DA:75,0
DA:76,0
DA:77,0
DA:79,0
DA:80,0
DA:81,0
DA:82,0
DA:83,0
DA:85,0
DA:86,0
DA:87,0
DA:88,0
DA:89,0
DA:90,0
DA:91,0
DA:106,148
DA:107,444
DA:108,148
DA:109,148
DA:111,148
DA:112,296
DA:113,148
DA:119,154
DA:120,308
DA:123,148
DA:124,148
DA:125,148
DA:141,144
DA:142,288
DA:145,53
DA:146,53
DA:147,4
DA:148,4
DA:151,53
DA:152,106
DA:153,106
DA:155,212
DA:156,159
DA:158,167
DA:159,24
DA:175,4
DA:176,8
DA:179,4
DA:180,4
DA:192,3
DA:193,6
DA:196,3
DA:197,3
DA:198,3
DA:199,3
DA:205,145
DA:206,290
DA:209,177
DA:210,118
DA:211,59
DA:212,106
DA:213,53
DA:214,53
DA:215,53
DA:217,35
DA:218,35
DA:219,4
DA:221,68
DA:222,34
DA:227,148
DA:228,444
DA:229,148
DA:230,444
DA:231,432
DA:232,120
DA:233,8
DA:234,4
DA:235,60
DA:236,9
DA:237,6
DA:241,144
DA:242,288
DA:244,414
DA:245,138
DA:246,138
DA:247,276
DA:248,276
DA:249,552
DA:250,414
DA:253,34
DA:254,102
DA:255,0
DA:256,40
DA:257,34
DA:258,68
DA:259,68
DA:260,34
DA:261,25
DA:263,34
DA:266,148
DA:267,148
DA:269,2
DA:270,1
DA:271,6
DA:274,148
end_of_record
SF:lib/src/gestures/binding.dart
DA:22,0
DA:24,2
DA:26,2
DA:28,6
DA:31,0
DA:33,0
DA:34,0
DA:38,150
DA:43,0
DA:46,0
DA:47,0
DA:48,0
DA:55,0
DA:56,0
DA:57,0
DA:58,0
DA:61,0
DA:62,0
DA:63,0
DA:64,0
DA:80,0
DA:81,0
DA:83,0
DA:84,0
DA:85,0
DA:86,0
DA:87,0
DA:88,0
DA:90,0
DA:92,0
DA:93,0
DA:94,0
DA:95,0
DA:96,0
DA:101,0
DA:105,0
DA:107,0
DA:115,0
DA:117,0
DA:118,0
DA:119,0
DA:121,0
DA:123,0
DA:130,0
DA:131,0
DA:132,0
DA:133,0
DA:134,0
DA:141,0
DA:143,0
DA:144,0
DA:145,0
DA:146,0
DA:147,0
DA:163,0
DA:172,0
end_of_record
SF:lib/src/gestures/converter.dart
DA:10,2
DA:12,4
DA:15,2
DA:16,2
DA:17,2
DA:20,4
DA:22,2
DA:23,2
DA:24,2
DA:26,2
DA:27,2
DA:28,2
DA:33,0
DA:35,0
DA:45,0
DA:50,2
DA:51,4
DA:52,2
DA:53,4
DA:63,2
DA:64,4
DA:65,8
DA:66,4
DA:67,4
DA:68,4
DA:69,4
DA:70,2
DA:71,2
DA:72,2
DA:73,2
DA:74,2
DA:75,3
DA:76,1
DA:77,2
DA:78,1
DA:81,1
DA:83,1
DA:84,1
DA:85,1
DA:86,1
DA:87,1
DA:90,1
DA:91,1
DA:94,2
DA:95,3
DA:96,1
DA:97,1
DA:99,2
DA:100,1
DA:103,1
DA:105,1
DA:106,1
DA:107,1
DA:108,1
DA:109,1
DA:112,1
DA:113,1
DA:116,2
DA:117,1
DA:118,1
DA:121,1
DA:124,1
DA:125,1
DA:126,1
DA:127,1
DA:128,1
DA:129,1
DA:134,1
DA:135,1
DA:137,1
DA:139,2
DA:140,6
DA:141,2
DA:142,2
DA:144,4
DA:145,2
DA:148,2
DA:150,2
DA:151,2
DA:152,2
DA:153,2
DA:154,2
DA:157,2
DA:158,2
DA:161,4
DA:165,2
DA:166,1
DA:167,1
DA:170,1
DA:173,1
DA:174,1
DA:175,1
DA:176,1
DA:177,1
DA:178,1
DA:183,1
DA:184,1
DA:187,1
DA:189,2
DA:190,2
DA:191,2
DA:193,2
DA:195,2
DA:197,2
DA:198,2
DA:199,2
DA:200,2
DA:201,2
DA:202,2
DA:207,2
DA:208,2
DA:211,2
DA:215,3
DA:216,3
DA:217,1
DA:218,2
DA:219,1
DA:220,1
DA:222,1
DA:224,1
DA:227,1
DA:228,1
DA:229,1
DA:230,1
DA:231,1
DA:232,1
DA:237,1
DA:238,1
DA:241,2
DA:242,1
DA:243,6
DA:244,6
DA:245,2
DA:246,4
DA:252,2
DA:253,1
DA:254,1
DA:256,1
DA:258,1
DA:261,1
DA:262,1
DA:263,1
DA:264,1
DA:265,1
DA:266,1
DA:271,1
DA:272,1
DA:275,1
DA:277,4
DA:278,2
DA:279,4
DA:280,2
DA:282,2
DA:284,2
DA:286,2
DA:287,2
DA:288,2
DA:289,2
DA:290,2
DA:291,2
DA:292,2
DA:297,2
DA:298,2
DA:301,1
DA:303,1
DA:305,1
DA:307,1
DA:308,1
DA:309,1
DA:310,1
DA:311,1
DA:312,1
DA:317,1
DA:318,1
DA:322,1
DA:323,3
DA:324,3
DA:325,1
DA:326,1
DA:328,1
DA:330,1
DA:332,1
DA:333,1
DA:334,1
DA:335,1
DA:336,1
DA:337,1
DA:342,1
DA:343,1
DA:346,3
DA:347,1
DA:350,1
DA:351,1
DA:352,1
DA:353,1
DA:354,1
DA:363,2
DA:364,2
end_of_record
SF:lib/src/gestures/debug.dart
DA:50,335
DA:51,335
DA:55,0
DA:57,335
end_of_record
SF:lib/src/gestures/drag.dart
DA:16,1
DA:22,0
DA:28,0
end_of_record
SF:lib/src/gestures/drag_details.dart
DA:23,68
DA:24,0
DA:31,1
DA:32,3
DA:55,76
DA:56,0
DA:73,1
DA:74,3
DA:102,76
DA:107,0
DA:108,0
DA:109,226
DA:110,228
DA:142,1
DA:143,3
DA:167,72
DA:170,0
DA:171,0
DA:172,213
DA:173,48
DA:192,1
DA:193,3
end_of_record
SF:lib/src/gestures/eager.dart
DA:15,1
DA:18,2
DA:19,1
DA:20,2
DA:23,0
DA:26,1
DA:29,0
end_of_record
SF:lib/src/gestures/events.dart
DA:61,4
DA:69,4
DA:96,156
DA:179,1
DA:251,1
DA:252,3
DA:255,1
DA:256,1
DA:257,1
DA:258,1
DA:259,1
DA:260,1
DA:261,1
DA:262,1
DA:263,1
DA:264,1
DA:265,1
DA:266,1
DA:267,1
DA:268,1
DA:269,1
DA:270,1
DA:271,1
DA:272,1
DA:273,1
DA:274,1
DA:275,1
DA:276,1
DA:277,1
DA:278,1
DA:291,2
DA:305,2
DA:330,1
DA:340,1
DA:365,1
DA:384,1
DA:412,156
DA:430,156
DA:464,84
DA:484,84
DA:514,150
DA:533,150
DA:561,9
DA:579,9
end_of_record
SF:lib/src/gestures/hit_test.dart
DA:11,0
DA:24,0
DA:34,0
DA:46,146
DA:51,1
DA:52,2
DA:61,146
DA:62,146
DA:69,438
DA:77,146
DA:78,292
DA:81,1
DA:82,5
end_of_record
SF:lib/src/gestures/long_press.dart
DA:20,72
DA:25,9
DA:27,9
DA:28,9
DA:29,18
DA:32,25
DA:34,25
DA:35,24
DA:38,0
end_of_record
SF:lib/src/gestures/lsq_solver.dart
DA:10,54
DA:12,33
DA:21,165
DA:22,27
DA:23,108
DA:26,33
DA:28,99
DA:29,132
DA:33,99
DA:38,33
DA:40,66
DA:45,198
DA:46,33
DA:47,165
DA:50,66
DA:51,33
DA:52,66
DA:53,33
DA:62,99
DA:78,33
DA:79,99
DA:80,99
[...]
DA:38,0
DA:39,0
DA:40,0
DA:41,0
DA:42,17
DA:43,0
DA:44,17
DA:45,34
DA:46,20
DA:47,10
DA:48,22
DA:49,14
DA:50,7
DA:52,8
DA:53,8
DA:54,12
DA:55,4
DA:56,2
DA:57,1
DA:58,494
DA:60,2
DA:61,8
DA:62,8
DA:63,4
DA:64,2
DA:65,497
DA:67,4
DA:69,4
DA:72,17
DA:95,11
DA:96,33
DA:99,8
DA:100,24
DA:103,17
DA:105,34
DA:106,46
DA:107,15
DA:109,4
DA:110,4
DA:112,34
DA:115,17
DA:116,68
DA:118,5
DA:119,20
DA:121,15
DA:122,60
DA:124,0
DA:126,0
DA:143,14
DA:148,28
DA:149,14
DA:150,42
DA:151,84
DA:173,14
DA:174,14
DA:178,14
DA:180,42
DA:183,56
DA:185,56
DA:204,14
DA:205,112
DA:209,14
DA:210,70
DA:213,14
DA:215,42
DA:216,112
DA:219,10
DA:221,30
DA:222,80
DA:225,12
DA:227,24
end_of_record
SF:lib/src/widgets/scrollbar.dart
DA:41,12
DA:51,0
DA:52,0
DA:53,0
DA:54,0
DA:55,0
DA:56,0
DA:57,0
DA:58,36
DA:105,8
DA:109,8
DA:110,8
DA:111,8
DA:114,6
DA:115,12
DA:116,42
DA:119,6
DA:120,6
DA:121,6
DA:122,6
DA:123,1
DA:124,6
DA:125,30
DA:130,6
DA:131,12
DA:132,12
DA:133,6
DA:134,6
DA:135,8
DA:137,12
DA:140,0
DA:141,0
DA:142,0
DA:143,0
DA:144,0
DA:145,0
DA:147,0
DA:150,6
DA:160,497
DA:162,18
DA:165,18
DA:166,491
DA:168,24
DA:171,11
DA:172,491
DA:173,4
DA:189,491
DA:191,15
DA:196,12
DA:197,12
DA:198,42
DA:199,1
DA:201,6
DA:204,12
DA:206,36
DA:207,12
DA:210,11
DA:212,11
DA:213,7
DA:214,21
DA:216,6
DA:217,6
DA:218,54
DA:220,0
DA:221,0
DA:223,0
DA:224,0
DA:226,0
DA:227,0
DA:233,8
DA:236,1
DA:239,3
DA:240,3
DA:241,3
DA:242,3
DA:243,3
DA:244,3
DA:245,3
DA:246,3
DA:249,1
DA:252,12
end_of_record
SF:lib/src/widgets/single_child_scroll_view.dart
DA:186,35
DA:196,0
DA:197,7
DA:201,31
DA:202,35
DA:263,35
DA:264,105
DA:267,35
DA:269,35
DA:270,35
DA:271,35
DA:272,6
DA:273,35
DA:274,27
DA:275,12
DA:276,35
DA:279,35
DA:280,35
DA:281,35
DA:288,35
DA:289,4
DA:295,35
DA:300,0
DA:301,35
DA:306,35
DA:308,35
DA:309,35
DA:310,35
DA:314,12
DA:318,24
DA:319,24
DA:324,35
DA:329,0
DA:330,0
DA:331,0
DA:335,35
DA:338,70
DA:340,12
DA:341,0
DA:342,24
DA:344,0
DA:345,0
DA:348,105
DA:350,70
DA:352,12
DA:353,0
DA:354,24
DA:356,6
DA:357,18
DA:358,6
DA:359,6
DA:360,18
DA:361,6
DA:365,16
DA:367,0
DA:368,0
DA:369,0
DA:371,0
DA:372,0
DA:375,16
DA:376,16
DA:377,16
DA:380,35
DA:384,70
DA:385,70
DA:388,35
DA:390,35
DA:391,105
DA:394,35
DA:396,105
DA:397,35
DA:400,35
DA:403,35
DA:404,35
DA:405,35
DA:406,35
DA:407,16
DA:408,30
DA:409,60
DA:414,35
DA:415,35
DA:419,35
DA:420,35
DA:421,35
DA:423,35
DA:424,35
DA:425,539
DA:426,30
DA:427,671
DA:432,35
DA:433,35
DA:434,35
DA:435,8
DA:436,30
DA:437,30
DA:442,35
DA:444,35
DA:445,70
DA:449,35
DA:451,35
DA:452,70
DA:456,35
DA:458,35
DA:459,70
DA:463,35
DA:465,35
DA:466,70
DA:475,35
DA:477,35
DA:478,0
DA:480,140
DA:481,175
DA:484,105
DA:485,140
DA:488,136
DA:490,34
DA:491,34
DA:492,34
DA:493,34
DA:494,16
DA:495,34
DA:496,58
DA:497,8
DA:498,40
DA:499,8
DA:500,16
DA:505,34
DA:506,34
DA:507,272
DA:510,34
DA:512,34
DA:513,34
DA:515,34
DA:516,102
DA:519,34
DA:520,136
DA:522,0
DA:527,20
DA:529,20
DA:530,60
DA:533,8
DA:535,16
DA:536,16
DA:540,21
DA:542,21
DA:543,63
DA:544,42
DA:549,3
DA:551,3
DA:552,3
DA:553,0
DA:556,3
DA:557,3
DA:558,6
DA:564,3
DA:565,3
DA:566,3
DA:567,4
DA:568,6
DA:569,2
DA:571,3
DA:572,6
DA:573,3
DA:574,3
DA:576,3
DA:577,6
DA:578,3
DA:579,3
DA:581,2
DA:582,4
DA:583,6
DA:584,2
DA:588,9
DA:589,6
DA:590,3
DA:593,1
DA:600,2
DA:601,0
DA:609,1
DA:612,1
DA:617,1
DA:624,8
DA:626,8
DA:627,8
DA:628,8
DA:629,7
DA:630,14
DA:631,28
DA:632,14
DA:633,28
DA:635,2
DA:636,2
DA:637,8
DA:638,4
DA:639,8
DA:640,4
end_of_record
SF:lib/src/widgets/size_changed_layout_notifier.dart
DA:55,1
DA:58,1
DA:60,1
DA:62,1
DA:63,1
DA:64,2
DA:71,1
DA:74,0
DA:75,1
DA:86,1
DA:88,1
DA:91,4
DA:92,1
DA:93,2
end_of_record
SF:lib/src/widgets/sliver_prototype_extent_list.dart
DA:38,1
DA:42,1
DA:52,1
DA:55,1
DA:58,1
DA:59,1
DA:63,2
DA:65,1
DA:66,1
DA:68,1
DA:69,1
DA:74,1
DA:76,2
DA:77,1
DA:78,2
DA:80,1
DA:84,1
DA:86,3
DA:87,1
DA:90,0
DA:92,0
DA:93,0
DA:95,0
DA:98,1
DA:100,3
DA:101,0
DA:103,1
DA:106,1
DA:108,1
DA:109,2
DA:110,1
DA:113,1
DA:115,1
DA:116,6
DA:119,1
DA:121,1
DA:122,2
DA:123,6
DA:128,1
DA:130,1
DA:133,2
DA:134,1
DA:135,1
DA:136,0
DA:137,1
DA:138,1
DA:139,2
DA:140,1
DA:143,1
DA:145,4
DA:146,1
DA:149,1
DA:151,1
DA:152,1
DA:153,0
DA:156,1
DA:158,1
DA:159,1
DA:160,2
DA:163,1
DA:165,1
DA:166,0
DA:167,1
DA:170,1
DA:172,1
DA:173,2
DA:174,1
DA:177,1
DA:179,3
DA:180,9
end_of_record
SF:lib/src/widgets/spacer.dart
DA:44,1
DA:45,0
DA:46,1
DA:47,1
DA:58,1
DA:60,1
DA:61,1
end_of_record
SF:lib/src/widgets/status_transitions.dart
DA:13,1
DA:16,0
DA:17,1
DA:26,1
DA:27,1
DA:31,1
DA:33,1
DA:34,4
DA:37,1
DA:39,1
DA:40,4
DA:41,3
DA:42,4
DA:46,1
DA:48,4
DA:49,1
DA:52,1
DA:53,2
DA:58,1
DA:60,2
end_of_record
SF:lib/src/widgets/texture.dart
DA:37,0
DA:42,0
DA:43,0
DA:45,0
DA:47,0
end_of_record
SF:lib/src/widgets/unique_widget.dart
DA:25,1
DA:27,0
DA:28,1
DA:36,1
DA:37,1
DA:38,1
end_of_record
SF:lib/src/widgets/value_listenable_builder.dart
DA:56,5
DA:60,0
DA:61,0
DA:88,5
DA:89,5
DA:95,5
DA:97,5
DA:98,20
DA:99,20
DA:102,5
DA:104,20
DA:105,3
DA:106,4
DA:107,4
DA:109,5
DA:112,5
DA:114,20
DA:115,5
DA:118,2
DA:119,12
DA:122,5
DA:124,20
end_of_record
SF:lib/src/widgets/visibility.dart
DA:53,3
DA:63,0
DA:64,0
DA:65,0
DA:66,0
DA:67,0
DA:68,0
DA:69,4
DA:70,4
DA:71,4
DA:72,4
DA:73,3
DA:201,3
DA:203,3
DA:204,3
DA:205,3
DA:206,3
DA:207,3
DA:208,3
DA:209,6
DA:212,3
DA:213,3
DA:214,3
DA:218,1
DA:219,1
DA:220,1
DA:221,1
DA:222,1
DA:223,1
DA:224,3
DA:225,1
DA:227,1
DA:230,1
DA:231,1
DA:232,3
DA:235,0
DA:237,0
DA:238,0
DA:239,0
DA:240,0
DA:241,0
DA:242,0
DA:243,0
end_of_record
SF:lib/src/rendering/binding.dart
DA:29,375
DA:31,375
DA:33,750
DA:34,375
DA:35,375
DA:36,375
DA:38,375
DA:39,750
DA:40,750
DA:41,750
DA:42,750
DA:43,375
DA:44,375
DA:45,375
DA:46,750
DA:50,0
DA:53,375
DA:55,375
DA:57,375
DA:59,375
DA:61,1
DA:62,1
DA:63,1
DA:64,0
DA:66,1
DA:69,375
DA:71,1
DA:72,1
DA:73,1
DA:74,0
DA:76,1
DA:79,375
DA:81,1
DA:82,1
DA:86,1
DA:87,1
DA:91,375
DA:93,375
DA:95,3
DA:98,375
DA:100,3
DA:103,375
DA:105,3
DA:108,375
DA:110,3
DA:120,375
DA:121,375
DA:122,1125
DA:123,750
DA:128,748
DA:132,1125
DA:135,375
DA:136,0
DA:137,750
DA:143,2
DA:145,2
DA:146,6
DA:147,2
DA:153,0
DA:166,39
DA:167,78
DA:168,39
DA:169,117
DA:176,375
DA:177,1125
DA:182,375
DA:184,0
DA:186,375
DA:187,375
DA:191,0
DA:192,0
DA:195,0
DA:199,86
DA:200,172
DA:203,85
DA:204,170
DA:207,374
DA:208,374
DA:267,1
DA:269,1
DA:270,2
DA:271,2
DA:272,2
DA:273,2
DA:274,2
DA:278,4
DA:279,8
DA:280,4
DA:282,8
DA:284,4
DA:286,4
DA:287,8
DA:290,143
DA:292,143
DA:293,286
DA:295,143
DA:298,1
DA:300,0
DA:301,0
DA:302,0
DA:304,3
DA:305,1
end_of_record
SF:lib/src/widgets/binding.dart
DA:247,337
DA:249,337
DA:251,1011
DA:252,1011
DA:253,1011
DA:254,674
DA:255,674
DA:263,0
DA:266,337
DA:268,337
DA:270,337
DA:272,1
DA:273,1
DA:274,1
DA:278,337
DA:280,2
DA:281,1
DA:282,1
DA:283,0
DA:285,1
DA:289,337
DA:291,2
DA:292,1
DA:293,1
DA:294,0
DA:296,1
DA:300,337
DA:302,337
DA:304,1
DA:305,1
DA:306,1
DA:311,337
DA:315,337
DA:317,1
DA:318,1
DA:319,1
DA:320,0
DA:322,1
DA:326,1011
DA:329,1
DA:330,1
DA:331,0
DA:332,0
DA:334,1
DA:339,674
DA:348,6
DA:369,315
DA:379,312
DA:381,2
DA:383,2
DA:384,2
DA:385,1
DA:388,0
DA:390,0
DA:391,0
DA:392,0
DA:395,0
DA:397,0
DA:398,0
DA:399,0
DA:407,0
DA:410,0
DA:419,1
DA:422,1
DA:423,1
DA:432,0
DA:435,0
DA:436,0
DA:454,1
DA:455,2
DA:456,2
DA:459,0
DA:474,1
DA:475,2
DA:476,2
DA:481,2
DA:482,2
DA:483,2
DA:484,1
DA:485,1
DA:486,2
DA:488,0
DA:491,2
DA:493,2
DA:494,2
DA:495,1
DA:506,1
DA:507,1
DA:508,1
DA:511,1
DA:513,1
DA:515,1
DA:516,1
DA:524,3
DA:533,0
DA:541,4
DA:542,8
DA:543,8
DA:555,4
DA:556,8
DA:557,8
DA:560,335
DA:563,335
DA:564,335
DA:565,0
DA:584,335
DA:585,335
DA:661,1
DA:663,1
DA:664,1
DA:665,1
DA:667,1
DA:669,1
DA:670,0
DA:671,1
DA:672,2
DA:674,1
DA:675,1
DA:677,1
DA:681,2
DA:682,1
DA:683,2
DA:684,1
DA:692,672
DA:701,335
DA:702,670
DA:703,335
DA:706,1005
DA:709,3
DA:711,3
DA:712,3
DA:713,6
DA:714,9
DA:715,3
end_of_record
SF:lib/src/services/binding.dart
DA:24,377
DA:26,377
DA:27,377
DA:28,377
DA:29,377
DA:36,41
DA:39,82
DA:42,0
DA:58,0
DA:59,0
DA:60,0
DA:62,0
DA:63,0
DA:64,0
DA:65,0
DA:67,0
DA:68,0
DA:72,0
DA:73,0
DA:74,0
DA:75,0
DA:76,0
DA:77,0
DA:78,0
DA:79,0
DA:80,0
DA:81,0
DA:84,0
DA:90,377
DA:92,377
DA:93,377
DA:99,1
DA:100,1
DA:101,1
DA:110,1
DA:113,2
end_of_record
SF:lib/src/painting/binding.dart
DA:20,375
DA:22,375
DA:24,750
DA:28,0
DA:38,38
DA:44,375
DA:45,375
DA:47,1
DA:49,1
DA:50,2
end_of_record
SF:lib/src/semantics/binding.dart
DA:21,0
DA:24,375
DA:26,375
DA:28,1125
DA:34,0
DA:36,0
DA:46,8
DA:53,172
DA:54,344
DA:55,172
DA:59,172
end_of_record
SF:lib/src/scheduler/binding.dart
DA:194,377
DA:196,377
DA:198,1131
DA:199,1131
DA:200,754
DA:204,0
DA:207,377
DA:209,377
DA:210,377
DA:212,2
DA:213,1
DA:214,1
DA:227,0
DA:236,2
DA:239,0
DA:240,2
DA:242,2
DA:243,2
DA:244,2
DA:246,2
DA:247,1
DA:248,2
DA:253,2
DA:254,4
DA:258,0
DA:260,0
DA:262,0
DA:264,0
DA:266,0
DA:277,0
DA:278,0
DA:301,2
DA:305,4
DA:306,2
DA:308,2
DA:312,4
DA:313,2
DA:314,2
DA:315,4
DA:318,4
DA:320,4
DA:321,8
DA:322,0
DA:329,2
DA:330,2
DA:331,4
DA:332,2
DA:334,2
DA:335,4
DA:339,2
DA:340,2
DA:341,2
DA:342,0
DA:355,2
DA:357,6
DA:359,4
DA:360,4
DA:362,4
DA:363,2
DA:366,0
DA:367,0
DA:369,0
DA:370,0
DA:375,0
DA:376,0
DA:381,0
DA:385,4
DA:402,1005
DA:423,161
DA:424,161
DA:425,322
DA:426,644
DA:427,161
DA:437,130
DA:438,130
DA:439,260
DA:440,260
DA:463,335
DA:464,335
DA:465,670
DA:469,0
DA:470,0
DA:471,0
DA:474,0
DA:475,0
DA:476,0
DA:481,0
DA:486,0
DA:487,0
DA:488,0
DA:489,0
DA:495,335
DA:518,0
DA:519,0
DA:521,0
DA:522,0
DA:523,0
DA:524,0
DA:525,0
DA:528,0
DA:531,0
DA:548,375
DA:549,750
DA:574,115
DA:575,230
DA:589,5
DA:590,5
DA:591,10
DA:592,5
DA:593,10
DA:594,9
DA:595,8
DA:596,4
DA:599,10
DA:603,670
DA:607,754
DA:613,314
DA:616,2
DA:617,4
DA:619,2
DA:621,2
DA:637,375
DA:638,375
DA:639,375
DA:640,335
DA:641,375
DA:643,335
DA:644,335
DA:645,335
DA:677,376
DA:678,752
DA:680,376
DA:682,0
DA:684,376
DA:685,752
DA:686,376
DA:708,3
DA:709,3
DA:711,1
DA:713,0
DA:715,1
DA:716,2
DA:717,1
DA:737,2
DA:738,6
DA:741,2
DA:742,2
DA:743,2
DA:745,3
DA:746,1
DA:747,1
DA:749,3
DA:750,1
DA:751,1
DA:760,1
DA:761,1
DA:763,1
DA:768,4
DA:769,4
DA:770,1
DA:795,5
DA:796,15
DA:797,5
DA:808,375
DA:809,1109
DA:810,3000
DA:817,95
DA:818,95
DA:819,95
DA:828,41
DA:829,41
DA:830,1
DA:831,1
DA:834,40
DA:837,41
DA:838,41
DA:839,1
DA:842,40
DA:868,375
DA:869,375
DA:870,375
DA:871,1086
DA:873,367
DA:875,750
DA:876,750
DA:877,750
DA:878,750
DA:881,375
DA:883,0
DA:885,0
DA:887,0
DA:889,0
DA:891,0
DA:894,375
DA:896,750
DA:897,375
DA:900,375
DA:901,375
DA:902,375
DA:903,750
DA:904,534
DA:905,318
DA:906,636
DA:908,750
DA:910,375
DA:923,375
DA:924,750
DA:925,375
DA:928,375
DA:929,375
DA:930,748
DA:933,375
DA:934,375
DA:935,375
DA:936,750
DA:937,375
DA:938,228
DA:940,375
DA:941,375
DA:942,750
DA:943,750
DA:944,375
DA:946,375
DA:948,0
DA:949,375
DA:951,375
DA:952,375
DA:956,375
DA:957,750
DA:958,375
DA:959,750
DA:960,750
DA:964,0
DA:965,0
DA:966,0
DA:967,0
DA:968,0
DA:969,0
DA:970,0
DA:971,0
DA:972,0
DA:973,0
DA:974,0
DA:975,0
DA:976,0
DA:977,0
DA:985,375
DA:986,0
DA:987,0
DA:988,750
DA:990,375
DA:992,6
DA:997,0
DA:998,0
DA:1003,0
DA:1007,750
end_of_record
SF:lib/src/gestures/binding.dart
DA:24,386
DA:26,386
DA:28,1158
DA:31,5
DA:33,5
DA:34,5
DA:38,0
DA:43,2
DA:46,12
DA:47,2
DA:48,1
DA:55,7
DA:56,20
DA:57,12
DA:58,21
DA:61,12
DA:62,12
DA:63,24
DA:64,24
DA:80,8
DA:81,8
DA:83,8
DA:84,6
DA:85,2
DA:86,4
DA:87,6
DA:88,2
DA:90,0
DA:92,2
DA:93,16
DA:94,24
DA:95,2
DA:96,3
DA:101,2
DA:105,145
DA:107,290
DA:115,144
DA:117,144
DA:118,0
DA:119,144
DA:121,288
DA:123,0
DA:130,0
DA:131,0
DA:132,0
DA:133,0
DA:134,0
DA:141,144
DA:143,288
DA:144,144
DA:145,432
DA:146,144
DA:147,420
end_of_record
SF:lib/src/rendering/object.dart
DA:160,4
DA:181,0
DA:214,0
DA:215,0
DA:221,0
DA:248,0
DA:249,0
DA:255,0
DA:273,0
DA:275,0
DA:307,0
DA:317,0
DA:335,0
DA:360,0
DA:372,0
DA:373,0
DA:388,4
DA:411,0
DA:436,0
DA:456,0
DA:490,0
DA:2684,0
DA:2685,0
DA:2686,0
DA:2687,0
DA:2688,0
DA:2689,0
DA:2695,0
DA:2696,0
DA:2698,0
DA:2700,0
DA:2704,0
DA:2710,2
DA:2711,1
DA:2712,1
DA:2713,0
DA:2714,1
DA:2715,1
DA:2716,2
DA:2719,1
DA:2721,1
DA:2722,1
DA:2723,2
DA:2726,0
DA:2728,0
DA:2729,0
DA:2730,0
DA:2733,1
DA:2735,1
DA:2736,2
DA:2739,1
DA:2741,1
DA:2742,2
DA:2745,0
DA:2747,0
DA:2763,0
DA:2765,0
DA:2766,0
DA:2767,0
DA:2768,0
DA:2769,0
DA:2770,0
DA:2772,0
DA:2773,0
DA:2774,0
DA:2775,0
DA:2776,0
DA:2778,0
DA:2779,0
DA:2792,1
DA:2793,1
DA:2794,1
DA:2795,2
DA:2796,1
DA:2797,1
DA:2799,1
DA:2801,1
DA:2802,1
DA:2803,1
DA:2804,0
DA:2805,0
DA:2806,0
DA:2808,1
DA:2813,0
DA:2821,0
DA:2822,0
DA:2823,0
DA:2824,0
DA:2825,0
DA:2826,0
DA:2832,0
DA:2833,0
DA:2835,0
DA:2837,0
DA:2841,0
DA:2847,1
DA:2848,1
DA:2849,1
DA:2850,1
DA:2851,2
DA:2852,2
DA:2855,2
DA:2856,1
DA:2857,0
DA:2858,0
DA:2860,1
DA:2861,1
DA:2863,1
DA:2864,1
DA:2865,2
DA:2866,2
DA:2867,1
DA:2868,1
DA:2870,2
DA:2871,1
DA:2872,1
DA:2873,1
DA:2877,0
DA:2878,0
DA:2880,0
DA:2881,0
DA:2882,0
DA:2883,0
DA:2884,0
DA:2892,1
DA:2893,1
DA:2894,1
DA:2895,1
DA:2896,2
DA:2897,2
DA:2898,1
DA:2899,1
DA:2903,1
DA:2904,2
DA:2908,0
DA:2909,0
DA:2912,0
DA:2913,0
DA:2914,0
DA:2915,0
DA:2916,0
DA:2917,0
DA:2918,0
DA:2919,0
DA:2921,0
DA:2922,0
DA:2924,0
DA:2925,0
DA:2926,0
DA:2928,0
DA:2929,0
DA:2931,0
DA:2932,0
DA:2933,0
DA:2939,0
DA:2940,0
DA:2941,0
DA:2947,0
DA:2948,0
DA:2950,0
DA:2951,0
DA:2952,0
DA:2953,0
DA:2954,0
DA:2957,0
DA:2958,0
DA:2959,0
DA:2967,0
DA:2968,0
DA:2969,0
DA:2970,0
DA:2971,0
DA:2972,0
DA:2973,0
DA:2975,0
DA:2976,0
DA:2977,0
DA:2980,1
DA:2982,1
DA:2983,1
DA:2985,1
DA:2986,1
DA:2987,1
DA:2991,0
DA:2993,0
DA:2994,0
DA:2996,0
DA:2997,0
DA:2998,0
DA:3002,1
DA:3004,1
DA:3006,1
DA:3007,1
DA:3008,1
DA:3012,0
DA:3014,0
DA:3016,0
DA:3017,0
DA:3018,0
DA:3023,2
DA:3026,2
DA:3029,0
DA:3030,0
DA:3031,0
DA:3032,0
DA:3033,0
DA:3037,0
DA:3038,0
DA:3039,0
DA:3040,0
DA:3041,0
DA:3044,0
DA:3046,0
DA:3047,0
DA:3048,0
DA:3051,0
DA:3052,0
DA:3054,0
DA:3055,0
DA:3056,0
end_of_record
SF:lib/src/foundation/diagnostics.dart
DA:2468,1
DA:2470,2
DA:2473,0
DA:2478,0
DA:2479,0
DA:2480,0
DA:2481,0
DA:2482,0
DA:2483,0
DA:2484,0
DA:2486,0
DA:2489,1
DA:2495,2
DA:2498,1
DA:2499,1
DA:2501,1
DA:2503,1
DA:2510,0
DA:2513,0
end_of_record
SF:lib/src/widgets/automatic_keep_alive.dart
DA:351,3
DA:352,3
DA:353,6
DA:354,12
DA:357,3
DA:358,6
DA:359,3
DA:371,0
DA:373,0
DA:374,0
DA:375,0
DA:377,0
DA:378,0
DA:382,3
DA:384,3
DA:385,3
DA:386,3
DA:389,3
DA:391,3
DA:392,3
DA:393,3
DA:396,1
DA:399,2
DA:400,0
end_of_record
SF:lib/src/widgets/ticker_provider.dart
DA:84,2
DA:86,2
DA:87,2
DA:89,0
DA:90,0
DA:96,2
DA:97,6
DA:102,2
DA:105,3
DA:107,3
DA:108,7
DA:110,0
DA:112,0
DA:117,0
DA:119,3
DA:120,3
DA:123,3
DA:125,3
DA:126,8
DA:127,3
DA:130,2
DA:132,2
DA:134,2
DA:135,0
DA:137,0
DA:139,0
DA:144,6
DA:166,1
DA:168,2
DA:169,2
DA:170,2
DA:174,1
DA:175,1
DA:176,2
DA:177,2
DA:180,1
DA:182,1
DA:183,1
DA:184,1
DA:185,0
DA:186,0
DA:188,0
DA:193,0
DA:199,1
DA:200,1
DA:203,1
DA:205,2
DA:206,1
DA:207,1
DA:208,1
DA:211,1
DA:214,1
DA:216,1
DA:217,2
DA:219,1
DA:220,1
DA:221,6
end_of_record
SF:lib/src/widgets/navigator.dart
DA:84,0
DA:93,0
DA:106,0
DA:108,0
DA:116,0
DA:117,0
DA:123,0
DA:125,0
DA:145,0
DA:149,0
DA:154,0
DA:169,0
DA:171,0
DA:181,0
DA:183,0
DA:189,0
DA:191,0
DA:198,0
DA:200,0
DA:206,0
DA:208,0
DA:220,0
DA:222,0
DA:238,0
DA:240,0
DA:245,0
DA:247,0
DA:254,0
DA:265,0
DA:278,0
end_of_record
SF:lib/src/widgets/routes.dart
DA:35,0
DA:36,0
DA:94,0
DA:98,0
DA:106,0
DA:107,0
DA:117,0
DA:118,0
DA:138,0
DA:146,0
DA:196,0
DA:197,0
DA:215,0
DA:216,0
DA:223,0
DA:224,0
DA:231,0
DA:281,0
DA:447,0
DA:461,0
DA:479,0
DA:480,0
DA:493,0
DA:494,0
DA:681,0
DA:682,0
DA:733,0
DA:848,0
DA:860,0
DA:861,0
DA:867,0
DA:868,0
DA:873,0
DA:874,0
DA:918,0
DA:945,0
DA:968,0
DA:981,0
DA:996,0
DA:998,0
DA:1009,0
DA:1011,0
DA:1012,0
DA:1015,0
DA:1016,0
DA:1108,0
DA:1120,0
DA:1141,0
DA:1142,0
DA:1146,0
DA:1147,0
DA:1152,0
DA:1153,0
DA:1159,0
DA:1160,0
DA:1170,0
DA:1182,0
DA:1217,0
DA:1392,2
DA:1395,2
DA:1398,2
DA:1402,2
end_of_record
SF:lib/src/widgets/pages.dart
DA:26,0
DA:27,0
DA:29,0
DA:30,0
DA:32,0
DA:33,0
DA:35,0
DA:36,0
DA:38,0
DA:39,0
end_of_record
SF:lib/src/widgets/text_selection.dart
DA:74,2
DA:79,2
DA:82,0
DA:92,2
DA:103,2
DA:112,2
DA:123,0
DA:133,2
DA:155,2
DA:203,0
end_of_record
SF:lib/src/widgets/widget_inspector.dart
DA:749,0
DA:751,0
DA:790,0
DA:795,0
DA:796,0
DA:803,1
DA:807,1
DA:809,0
DA:810,0
DA:819,1
DA:823,1
DA:825,1
DA:826,1
DA:827,4
DA:844,1
DA:849,0
DA:850,0
DA:851,0
DA:852,1
DA:854,1
DA:855,1
DA:856,4
DA:857,3
DA:866,1
DA:870,1
DA:872,1
DA:873,1
DA:874,1
DA:875,4
DA:884,1
DA:888,1
DA:890,0
DA:892,0
DA:893,0
DA:894,0
DA:895,0
DA:896,0
DA:897,0
DA:899,0
DA:902,0
DA:912,0
DA:914,0
DA:915,0
DA:916,0
DA:917,0
DA:919,0
DA:931,1
DA:933,1
DA:934,0
DA:935,2
DA:937,1
DA:939,1
DA:940,1
DA:941,1
DA:942,1
DA:945,1
DA:949,1
DA:951,1
DA:953,1
DA:955,1
DA:957,1
DA:959,1
DA:961,1
DA:963,1
DA:965,1
DA:967,1
DA:969,1
DA:971,1
DA:973,1
DA:975,1
DA:977,1
DA:979,1
DA:981,1
DA:983,1
DA:986,1
DA:988,1
DA:991,1
DA:993,1
DA:996,1
DA:998,1
DA:1000,1
DA:1002,1
DA:1004,1
DA:1006,1
DA:1009,1
DA:1011,1
DA:1013,1
DA:1015,1
DA:1017,1
DA:1019,1
DA:1021,1
DA:1023,1
DA:1026,1
DA:1028,1
DA:1030,1
DA:1031,1
DA:1033,1
DA:1034,1
DA:1035,1
DA:1036,1
DA:1038,2
DA:1039,2
DA:1040,2
DA:1041,2
DA:1042,1
DA:1043,2
DA:1044,1
DA:1045,0
DA:1046,2
DA:1049,0
DA:1051,2
DA:1053,1
DA:1054,4
DA:1059,1
DA:1066,1
DA:1068,2
DA:1069,2
DA:1070,2
DA:1071,1
DA:1078,1
DA:1080,2
DA:1083,2
DA:1086,1
DA:1087,2
DA:1088,2
DA:1089,2
DA:1090,3
DA:1091,0
DA:1092,2
DA:1099,1
DA:1104,4
DA:1105,2
DA:1108,2
DA:1109,2
DA:1110,2
DA:1111,1
DA:1112,2
DA:1113,1
DA:1115,2
DA:1116,1
DA:1117,2
DA:1124,0
DA:1126,0
DA:1127,0
DA:1135,1
DA:1140,2
DA:1142,1
DA:1144,1
DA:1156,1
DA:1158,1
DA:1159,1
DA:1160,1
DA:1170,1
DA:1175,2
DA:1177,0
DA:1178,4
DA:1179,0
DA:1180,1
DA:1188,0
DA:1190,0
DA:1191,0
DA:1192,0
DA:1202,1
DA:1204,2
DA:1214,1
DA:1216,2
DA:1217,1
DA:1218,3
DA:1221,2
DA:1223,3
DA:1226,2
DA:1228,1
DA:1229,3
DA:1230,1
DA:1234,0
DA:1235,0
DA:1250,1
DA:1252,2
DA:1255,1
DA:1256,1
DA:1258,1
DA:1259,0
DA:1260,1
DA:1261,1
DA:1263,0
DA:1265,3
DA:1267,1
DA:1268,1
DA:1271,1
DA:1274,1
DA:1275,2
DA:1276,2
DA:1277,1
DA:1281,1
DA:1282,1
DA:1284,0
DA:1285,0
DA:1286,0
DA:1287,0
DA:1288,0
DA:1294,2
DA:1297,1
DA:1298,1
DA:1299,1
DA:1303,0
DA:1304,0
DA:1306,0
DA:1307,0
DA:1309,0
DA:1312,1
DA:1318,1
DA:1320,3
DA:1321,1
DA:1322,3
DA:1324,1
DA:1325,0
DA:1328,1
DA:1331,0
DA:1332,0
DA:1334,0
DA:1338,2
DA:1339,1
DA:1340,3
DA:1343,1
DA:1344,2
DA:1345,2
DA:1346,2
DA:1348,2
DA:1352,1
DA:1355,1
DA:1356,0
DA:1357,0
DA:1358,0
DA:1359,0
DA:1360,0
DA:1362,1
DA:1363,0
DA:1364,0
DA:1367,2
DA:1368,2
DA:1369,3
DA:1370,2
DA:1372,2
DA:1382,0
DA:1383,0
DA:1387,0
DA:1390,0
DA:1391,0
DA:1394,0
DA:1395,0
DA:1396,0
DA:1411,1
DA:1412,1
DA:1413,3
DA:1414,6
DA:1418,1
DA:1423,0
DA:1424,1
DA:1425,1
DA:1426,1
DA:1427,0
DA:1428,0
DA:1430,0
DA:1433,0
DA:1441,1
DA:1443,4
DA:1444,3
DA:1446,1
DA:1451,1
DA:1453,2
DA:1456,1
DA:1457,1
DA:1458,3
DA:1463,1
DA:1464,2
DA:1467,1
DA:1468,1
DA:1469,1
DA:1470,2
DA:1485,0
DA:1486,0
DA:1489,0
DA:1490,0
DA:1491,0
DA:1492,0
DA:1501,0
DA:1502,0
DA:1505,1
DA:1506,1
DA:1508,1
DA:1509,2
DA:1512,1
DA:1513,2
DA:1516,1
DA:1517,1
DA:1518,1
DA:1521,2
DA:1526,0
DA:1529,1
DA:1533,1
DA:1534,1
DA:1535,1
DA:1536,1
DA:1538,0
DA:1546,0
DA:1547,0
DA:1550,0
DA:1551,0
DA:1556,0
DA:1557,0
DA:1560,0
DA:1561,0
DA:1562,0
DA:1563,0
DA:1569,0
DA:1571,0
DA:1574,0
DA:1575,0
DA:1585,0
DA:1586,0
DA:1589,1
DA:1590,1
DA:1594,1
DA:1596,1
DA:1611,0
DA:1613,0
DA:1616,0
DA:1617,0
DA:1618,0
DA:1619,0
DA:1627,0
DA:1629,0
DA:1645,1
DA:1653,1
DA:1656,2
DA:1657,1
DA:1661,1
DA:1662,1
DA:1663,0
DA:1664,1
DA:1666,1
DA:1667,1
DA:1668,1
DA:1674,1
DA:1679,1
DA:1680,1
DA:1681,1
DA:1683,1
DA:1687,1
DA:1689,1
DA:1690,2
DA:1691,2
DA:1695,1
DA:1703,0
DA:1704,0
DA:1705,0
DA:1706,0
DA:1717,0
DA:1718,0
DA:1721,0
DA:1722,0
DA:1723,0
DA:1725,0
DA:1726,0
DA:1727,0
DA:1729,0
DA:1730,0
DA:1737,0
DA:1746,1
DA:1748,3
DA:1749,1
end_of_record
SF:lib/src/painting/clip.dart
DA:12,0
DA:40,0
DA:48,0
DA:56,0
end_of_record
SF:lib/src/painting/box_border.dart
DA:66,0
DA:69,0
DA:78,0
DA:195,0
DA:196,0
end_of_record
SF:lib/src/painting/borders.dart
DA:286,0
DA:335,0
end_of_record
